#
# A fatal error has been detected by the Java Runtime Environment:
#
#  EXCEPTION_ACCESS_VIOLATION (0xc0000005) at pc=0x00007fff1ffbe32a, pid=11492, tid=24756
#
# JRE version: OpenJDK Runtime Environment Temurin-17.0.3+7 (17.0.3+7) (build 17.0.3+7)
# Java VM: OpenJDK 64-Bit Server VM Temurin-17.0.3+7 (17.0.3+7, mixed mode, emulated-client, tiered, compressed oops, compressed class ptrs, g1 gc, windows-amd64)
# Problematic frame:
# V  [jvm.dll+0x79e32a]
#
# No core dump will be written. Minidumps are not enabled by default on client versions of Windows
#
# If you would like to submit a bug report, please visit:
#   https://github.com/adoptium/adoptium-support/issues
#

---------------  S U M M A R Y ------------

Command Line: -XX:+ShowCodeDetailsInExceptionMessages -agentlib:jdwp=transport=dt_socket,suspend=y,address=localhost:53556 -Dcom.sun.management.jmxremote -Dcom.sun.management.jmxremote.port=53555 -Dcom.sun.management.jmxremote.authenticate=false -Dcom.sun.management.jmxremote.ssl=false -Djava.rmi.server.hostname=localhost -Dspring.jmx.enabled=true -Dspring.application.admin.enabled=true -XX:TieredStopAtLevel=1 -Dspring.boot.project.name=spring-project-2026 -javaagent:C:\Users\loveaoe33\eclipse\jee-2022-06\eclipse\configuration\org.eclipse.osgi\407\0\.cp\lib\javaagent-shaded.jar -Dfile.encoding=UTF-8 com.example.demo.SpringProject2026Application

Host: Intel(R) Core(TM) i7-10750H CPU @ 2.60GHz, 12 cores, 7G,  Windows 11 , 64 bit Build 22621 (10.0.22621.2506)
Time: Fri Feb  2 11:14:15 2024  Windows 11 , 64 bit Build 22621 (10.0.22621.2506) elapsed time: 293.938235 seconds (0d 0h 4m 53s)

---------------  T H R E A D  ---------------

Current thread (0x00000182b0a76ab0):  JavaThread "JDWP Transport Listener: dt_socket" daemon [_thread_in_vm, id=24756, stack(0x0000006dd0700000,0x0000006dd0800000)]

Stack: [0x0000006dd0700000,0x0000006dd0800000],  sp=0x0000006dd07ff5d0,  free space=1021k
Native frames: (J=compiled Java code, j=interpreted, Vv=VM code, C=native code)
V  [jvm.dll+0x79e32a]
V  [jvm.dll+0x5088cc]
V  [jvm.dll+0x4cff34]
C  [jdwp.dll+0x22dff]


siginfo: EXCEPTION_ACCESS_VIOLATION (0xc0000005), reading address 0x0000000001ce003f


Register to memory mapping:

RIP=0x00007fff1ffbe32a jvm.dll
RAX=0x00000000000001cd is an unknown value
RBX=0x00000182b08b0c24 points into unknown readable memory: 65 72 3b 00
RCX=0x0000000001ce003b is an unknown value
RDX=0x00000182b2085080 points into unknown readable memory: 0x6178652f6d6f634c | 4c 63 6f 6d 2f 65 78 61
RSP=0x0000006dd07ff5d0 is pointing into the stack for thread: 0x00000182b0a76ab0
RBP=0x00000182b0a5bbc0 points into unknown readable memory: 0x0000000000000002 | 02 00 00 00 00 00 00 00
RSI=0x0 is NULL
RDI=0xffffffffffffffff is an unknown value
R8 =0x00000000000000b6 is an unknown value
R9 =0x0000000000000040 is an unknown value
R10=0x0000000000000080 is an unknown value
R11=0x0000006dd07ff5f0 is pointing into the stack for thread: 0x00000182b0a76ab0
R12=0x0000006dd07ff728 is pointing into the stack for thread: 0x00000182b0a76ab0
R13=0x0 is NULL
R14=0x00000001001f8a08 is a pointer to class: 
com.example.demo.AttendController {0x00000001001f8a10}
 - instance size:     5
 - klass size:        79
 - access:            public synchronized 
 - state:             fully_initialized
 - name:              'com/example/demo/AttendController'
 - super:             'java/lang/Object'
 - sub:               
 - arrays:            NULL
 - methods:           Array<T>(0x00000182b661a8f0)
 - method ordering:   Array<T>(0x00000182b661b570)
 - default_methods:   Array<T>(0x0000000000000000)
 - local interfaces:  Array<T>(0x00000182b0000058)
 - trans. interfaces: Array<T>(0x00000182b0000058)
 - constants:         constant pool [513] {0x00000182b666b678} for 'com/example/demo/AttendController' cache=0x00000182b666c7a0
 - class loader data:  loader data: 0x00000182b22d81c0 for instance a 'org/springframework/boot/devtools/restart/classloader/RestartClassLoader'{0x0000000083500518}
 - source file:       'AttendController.java'
 - source debug extension:       SMAP
AttendController.java
Java
*S jdt
*F
1 AttendController.java
2 file:/C:/gitJava/mylocalRes/spring-project-2026/target/classes/
*L
*E

 - class annotations:       Array<T>(0x00000182b661b508)
 - class type annotations:  Array<T>(0x0000000000000000)
 - field annotations:       Array<T>(0x0000000000000000)
 - field type annotations:  Array<T>(0x0000000000000000)
 - generic signature: '
[error occurred during error reporting (printing register info), id 0xc0000005, EXCEPTION_ACCESS_VIOLATION (0xc0000005) at pc=0x00007fff1ffbef36]

Registers:
RAX=0x00000000000001cd, RBX=0x00000182b08b0c24, RCX=0x0000000001ce003b, RDX=0x00000182b2085080
RSP=0x0000006dd07ff5d0, RBP=0x00000182b0a5bbc0, RSI=0x0000000000000000, RDI=0xffffffffffffffff
R8 =0x00000000000000b6, R9 =0x0000000000000040, R10=0x0000000000000080, R11=0x0000006dd07ff5f0
R12=0x0000006dd07ff728, R13=0x0000000000000000, R14=0x00000001001f8a08, R15=0x0000006dd07ff750
RIP=0x00007fff1ffbe32a, EFLAGS=0x0000000000010202

Top of Stack: (sp=0x0000006dd07ff5d0)
0x0000006dd07ff5d0:   0000000000000021 00000001001f8a08
0x0000006dd07ff5e0:   00000182b2085080 00007fff81f2ab11
0x0000006dd07ff5f0:   ffffffffffffffff 00007fff1fd288cc
0x0000006dd07ff600:   00000182b08b0c24 00000182b08b0c00
0x0000006dd07ff610:   00000182b0a5bbc0 0000000000000000
0x0000006dd07ff620:   00000182b08b0bc0 00000000000003d8
0x0000006dd07ff630:   00000182b08b0bd0 00000182b08b0fa8
0x0000006dd07ff640:   0000000000014301 0000006dd07ff728
0x0000006dd07ff650:   0000000000000007 00000182b0a76d58
0x0000006dd07ff660:   000000008397a6e8 00007fff1fceff34
0x0000006dd07ff670:   00000182b0a76ab0 0000006dd07ff750
0x0000006dd07ff680:   000001829fa9edd0 0000006dd07ff750
0x0000006dd07ff690:   00000182b0a76ab0 0000000000000000
0x0000006dd07ff6a0:   0000000000000000 0000000000000000
0x0000006dd07ff6b0:   00000182b0a7a2c0 00007fff6a382dff
0x0000006dd07ff6c0:   0000006dd07ff748 00007fff6a391aa0 

Instructions: (pc=0x00007fff1ffbe32a)
0x00007fff1ffbe22a:   48 83 c4 20 5f e9 bc 80 90 ff cc cc cc cc cc cc
0x00007fff1ffbe23a:   cc cc cc cc cc cc 48 89 5c 24 08 57 48 83 ec 20
0x00007fff1ffbe24a:   83 fa 02 8d 42 06 b9 08 00 00 00 49 8b d8 0f 4e
0x00007fff1ffbe25a:   c1 48 63 c8 48 83 c1 07 83 e1 f8 48 63 f9 49 8b
0x00007fff1ffbe26a:   48 18 48 8b c7 48 f7 d0 48 3b c1 73 16 4c 8d 05
0x00007fff1ffbe27a:   4a 50 17 00 48 8b d7 48 8b cb e8 c7 e3 90 ff 48
0x00007fff1ffbe28a:   8b 4b 18 48 8d 04 39 48 3b 43 20 76 18 45 33 c0
0x00007fff1ffbe29a:   48 8b d7 48 8b cb 48 8b 5c 24 30 48 83 c4 20 5f
0x00007fff1ffbe2aa:   e9 21 e0 90 ff 48 89 43 18 48 8b c1 48 8b 5c 24
0x00007fff1ffbe2ba:   30 48 83 c4 20 5f c3 cc cc cc cc cc cc cc cc cc
0x00007fff1ffbe2ca:   cc cc cc cc cc cc 4c 8b d2 4c 8b d9 45 85 c0 7e
0x00007fff1ffbe2da:   3c 44 0f b7 49 04 41 8d 40 ff 41 3b c1 44 0f 4c
0x00007fff1ffbe2ea:   c8 4d 63 c1 45 85 c9 7e 1f 48 8b c2 4c 2b da 49
0x00007fff1ffbe2fa:   8b d0 0f 1f 40 00 41 0f b6 4c 03 06 88 08 48 8d
0x00007fff1ffbe30a:   40 01 48 83 ea 01 75 ee 43 c6 04 10 00 49 8b c2
0x00007fff1ffbe31a:   c3 cc cc cc cc cc 48 89 5c 24 08 57 48 83 ec 20
0x00007fff1ffbe32a:   0f b7 59 04 48 8b f9 33 d2 48 8d 4b 01 e8 a4 dc
0x00007fff1ffbe33a:   f2 ff 0f b7 57 04 4c 8b c0 3b da 0f 42 d3 44 8b
0x00007fff1ffbe34a:   ca 85 d2 74 39 48 2b f8 0f 1f 40 00 66 66 0f 1f
0x00007fff1ffbe35a:   84 00 00 00 00 00 0f b6 4c 07 06 88 08 48 ff c0
0x00007fff1ffbe36a:   48 8b c8 49 2b c8 49 3b c9 7c eb 42 c6 04 02 00
0x00007fff1ffbe37a:   49 8b c0 48 8b 5c 24 30 48 83 c4 20 5f c3 48 8b
0x00007fff1ffbe38a:   5c 24 30 c6 04 02 00 48 83 c4 20 5f c3 cc cc cc
0x00007fff1ffbe39a:   cc cc cc cc cc cc 4c 8b d1 45 85 c0 7e 6c 44 0f
0x00007fff1ffbe3aa:   b7 49 04 41 8d 40 ff 41 3b c1 44 0f 4c c8 4d 63
0x00007fff1ffbe3ba:   d9 45 85 c9 7e 22 48 8b ca 4c 2b d2 4d 8b c3 0f
0x00007fff1ffbe3ca:   1f 80 00 00 00 00 41 0f b6 44 0a 06 88 01 48 8d
0x00007fff1ffbe3da:   49 01 49 83 e8 01 75 ee 41 c6 04 13 00 48 c7 c0
0x00007fff1ffbe3ea:   ff ff ff ff 66 90 48 ff c0 80 3c 02 00 75 f7 48
0x00007fff1ffbe3fa:   63 c8 85 c0 48 8b c2 7e 14 80 38 2f 75 03 c6 00
0x00007fff1ffbe40a:   2e 48 ff c0 48 83 e9 01 75 ef 48 8b c2 c3 cc cc
0x00007fff1ffbe41a:   cc cc cc cc cc cc 48 83 ec 28 e8 f7 fe ff ff 4c 


Stack slot to memory mapping:
stack at sp + 0 slots: 0x0000000000000021 is an unknown value
stack at sp + 1 slots: 0x00000001001f8a08 is a pointer to class: 
com.example.demo.AttendController {0x00000001001f8a10}
 - instance size:     5
 - klass size:        79
 - access:            public synchronized 
 - state:             fully_initialized
 - name:              'com/example/demo/AttendController'
 - super:             'java/lang/Object'
 - sub:               
 - arrays:            NULL
 - methods:           Array<T>(0x00000182b661a8f0)
 - method ordering:   Array<T>(0x00000182b661b570)
 - default_methods:   Array<T>(0x0000000000000000)
 - local interfaces:  Array<T>(0x00000182b0000058)
 - trans. interfaces: Array<T>(0x00000182b0000058)
 - constants:         constant pool [513] {0x00000182b666b678} for 'com/example/demo/AttendController' cache=0x00000182b666c7a0
 - class loader data:  loader data: 0x00000182b22d81c0 for instance a 'org/springframework/boot/devtools/restart/classloader/RestartClassLoader'{0x0000000083500518}
 - source file:       'AttendController.java'
 - source debug extension:       SMAP
AttendController.java
Java
*S jdt
*F
1 AttendController.java
2 file:/C:/gitJava/mylocalRes/spring-project-2026/target/classes/
*L
*E

 - class annotations:       Array<T>(0x00000182b661b508)
 - class type annotations:  Array<T>(0x0000000000000000)
 - field annotations:       Array<T>(0x0000000000000000)
 - field type annotations:  Array<T>(0x0000000000000000)
 - generic signature: '
[error occurred during error reporting (inspecting top of stack), id 0xc0000005, EXCEPTION_ACCESS_VIOLATION (0xc0000005) at pc=0x00007fff1ffbef36]


---------------  P R O C E S S  ---------------

Threads class SMR info:
_java_thread_list=0x00000182b2cb89c0, length=41, elements={
0x00000182b082d020, 0x00000182b082f2a0, 0x00000182b0869c10, 0x00000182b086a3d0,
0x00000182b086d0a0, 0x00000182b086da50, 0x00000182b086ea20, 0x00000182b087a920,
0x00000182b0923180, 0x00000182b0a76ab0, 0x00000182b0a78d40, 0x00000182b0a7d440,
0x00000182b13efdf0, 0x00000182b1558fd0, 0x00000182b15b45a0, 0x00000182b15d3e20,
0x00000182b0a81980, 0x00000182b22463c0, 0x00000182b224cc50, 0x00000182b410ffa0,
0x00000182b410ec60, 0x00000182b410f130, 0x00000182b410f600, 0x00000182b410fad0,
0x00000182b4110470, 0x00000182b4110e10, 0x00000182b41112e0, 0x00000182b41117b0,
0x00000182b410ddf0, 0x00000182b410e2c0, 0x00000182b410e790, 0x00000182b4c2fa60,
0x00000182b4c325b0, 0x00000182b4c30400, 0x00000182b4c31c10, 0x00000182b4c31270,
0x00000182b4c320e0, 0x00000182b4c308d0, 0x00000182b4c30da0, 0x00000182b4c2ebf0,
0x00000182b4c2f0c0
}

Java Threads: ( => current thread )
  0x00000182b082d020 JavaThread "Reference Handler" daemon [_thread_blocked, id=2236, stack(0x0000006dcfc00000,0x0000006dcfd00000)]
  0x00000182b082f2a0 JavaThread "Finalizer" daemon [_thread_blocked, id=13072, stack(0x0000006dcfd00000,0x0000006dcfe00000)]
  0x00000182b0869c10 JavaThread "Signal Dispatcher" daemon [_thread_blocked, id=8884, stack(0x0000006dcfe00000,0x0000006dcff00000)]
  0x00000182b086a3d0 JavaThread "Attach Listener" daemon [_thread_blocked, id=3680, stack(0x0000006dcff00000,0x0000006dd0000000)]
  0x00000182b086d0a0 JavaThread "Service Thread" daemon [_thread_blocked, id=12032, stack(0x0000006dd0000000,0x0000006dd0100000)]
  0x00000182b086da50 JavaThread "Monitor Deflation Thread" daemon [_thread_blocked, id=10996, stack(0x0000006dd0100000,0x0000006dd0200000)]
  0x00000182b086ea20 JavaThread "C1 CompilerThread0" daemon [_thread_blocked, id=9472, stack(0x0000006dd0200000,0x0000006dd0300000)]
  0x00000182b087a920 JavaThread "Sweeper thread" daemon [_thread_blocked, id=26412, stack(0x0000006dd0300000,0x0000006dd0400000)]
  0x00000182b0923180 JavaThread "Common-Cleaner" daemon [_thread_blocked, id=26284, stack(0x0000006dd0400000,0x0000006dd0500000)]
=>0x00000182b0a76ab0 JavaThread "JDWP Transport Listener: dt_socket" daemon [_thread_in_vm, id=24756, stack(0x0000006dd0700000,0x0000006dd0800000)]
  0x00000182b0a78d40 JavaThread "JDWP Event Helper Thread" daemon [_thread_blocked, id=13700, stack(0x0000006dd0800000,0x0000006dd0900000)]
  0x00000182b0a7d440 JavaThread "JDWP Command Reader" daemon [_thread_in_native, id=25392, stack(0x0000006dd0900000,0x0000006dd0a00000)]
  0x00000182b13efdf0 JavaThread "Notification Thread" daemon [_thread_blocked, id=23300, stack(0x0000006dd0a00000,0x0000006dd0b00000)]
  0x00000182b1558fd0 JavaThread "RMI TCP Accept-0" daemon [_thread_in_native, id=14068, stack(0x0000006dd0b00000,0x0000006dd0c00000)]
  0x00000182b15b45a0 JavaThread "RMI TCP Accept-53555" daemon [_thread_in_native, id=23720, stack(0x0000006dd0c00000,0x0000006dd0d00000)]
  0x00000182b15d3e20 JavaThread "RMI TCP Accept-0" daemon [_thread_in_native, id=6228, stack(0x0000006dd0d00000,0x0000006dd0e00000)]
  0x00000182b0a81980 JavaThread "RMI Scheduler(0)" daemon [_thread_blocked, id=10012, stack(0x0000006dd1a00000,0x0000006dd1b00000)]
  0x00000182b22463c0 JavaThread "RMI TCP Connection(idle)" daemon [_thread_blocked, id=14296, stack(0x0000006dd1b00000,0x0000006dd1c00000)]
  0x00000182b224cc50 JavaThread "JMX server connection timeout 25" daemon [_thread_blocked, id=14996, stack(0x0000006dd1c00000,0x0000006dd1d00000)]
  0x00000182b410ffa0 JavaThread "Catalina-utility-1" [_thread_blocked, id=29608, stack(0x0000006dd2100000,0x0000006dd2200000)]
  0x00000182b410ec60 JavaThread "Catalina-utility-2" [_thread_blocked, id=27520, stack(0x0000006dd2200000,0x0000006dd2300000)]
  0x00000182b410f130 JavaThread "container-0" [_thread_blocked, id=29156, stack(0x0000006dd2300000,0x0000006dd2400000)]
  0x00000182b410f600 JavaThread "mysql-cj-abandoned-connection-cleanup" daemon [_thread_blocked, id=26892, stack(0x0000006dd2400000,0x0000006dd2500000)]
  0x00000182b410fad0 JavaThread "HikariPool-1 housekeeper" daemon [_thread_blocked, id=25052, stack(0x0000006dd2600000,0x0000006dd2700000)]
  0x00000182b4110470 JavaThread "RxSchedulerPurge-1" daemon [_thread_blocked, id=28900, stack(0x0000006dd2800000,0x0000006dd2900000)]
  0x00000182b4110e10 JavaThread "RxCachedWorkerPoolEvictor-1" daemon [_thread_blocked, id=11308, stack(0x0000006dd2900000,0x0000006dd2a00000)]
  0x00000182b41112e0 JavaThread "File Watcher" daemon [_thread_blocked, id=19156, stack(0x0000006dd2a00000,0x0000006dd2b00000)]
  0x00000182b41117b0 JavaThread "Live Reload Server" daemon [_thread_in_native, id=24788, stack(0x0000006dd2c00000,0x0000006dd2d00000)]
  0x00000182b410ddf0 JavaThread "http-nio-8080-exec-1" daemon [_thread_blocked, id=23460, stack(0x0000006dd2b00000,0x0000006dd2c00000)]
  0x00000182b410e2c0 JavaThread "http-nio-8080-exec-2" daemon [_thread_blocked, id=10720, stack(0x0000006dd2d00000,0x0000006dd2e00000)]
  0x00000182b410e790 JavaThread "http-nio-8080-exec-3" daemon [_thread_blocked, id=19500, stack(0x0000006dd2e00000,0x0000006dd2f00000)]
  0x00000182b4c2fa60 JavaThread "http-nio-8080-exec-4" daemon [_thread_blocked, id=572, stack(0x0000006dd2f00000,0x0000006dd3000000)]
  0x00000182b4c325b0 JavaThread "http-nio-8080-exec-5" daemon [_thread_blocked, id=16896, stack(0x0000006dd3000000,0x0000006dd3100000)]
  0x00000182b4c30400 JavaThread "http-nio-8080-exec-6" daemon [_thread_blocked, id=23596, stack(0x0000006dd3100000,0x0000006dd3200000)]
  0x00000182b4c31c10 JavaThread "http-nio-8080-exec-7" daemon [_thread_blocked, id=23880, stack(0x0000006dd3200000,0x0000006dd3300000)]
  0x00000182b4c31270 JavaThread "http-nio-8080-exec-8" daemon [_thread_blocked, id=3364, stack(0x0000006dd3300000,0x0000006dd3400000)]
  0x00000182b4c320e0 JavaThread "http-nio-8080-exec-9" daemon [_thread_blocked, id=24620, stack(0x0000006dd3400000,0x0000006dd3500000)]
  0x00000182b4c308d0 JavaThread "http-nio-8080-exec-10" daemon [_thread_blocked, id=13216, stack(0x0000006dd3500000,0x0000006dd3600000)]
  0x00000182b4c30da0 JavaThread "http-nio-8080-Poller" daemon [_thread_in_native, id=5192, stack(0x0000006dd3600000,0x0000006dd3700000)]
  0x00000182b4c2ebf0 JavaThread "http-nio-8080-Acceptor" daemon [_thread_in_native, id=1956, stack(0x0000006dd3700000,0x0000006dd3800000)]
  0x00000182b4c2f0c0 JavaThread "DestroyJavaVM" [_thread_blocked, id=11480, stack(0x0000006dcf500000,0x0000006dcf600000)]

Other Threads:
  0x00000182afd8fd30 VMThread "VM Thread" [stack: 0x0000006dcfb00000,0x0000006dcfc00000] [id=12568]
  0x00000182b15d9840 WatcherThread [stack: 0x0000006dd0e00000,0x0000006dd0f00000] [id=25988]
  0x00000182a1d18e80 GCTaskThread "GC Thread#0" [stack: 0x0000006dcf600000,0x0000006dcf700000] [id=9156]
  0x00000182b15e4ea0 GCTaskThread "GC Thread#1" [stack: 0x0000006dd0f00000,0x0000006dd1000000] [id=12308]
  0x00000182b15e5150 GCTaskThread "GC Thread#2" [stack: 0x0000006dd1000000,0x0000006dd1100000] [id=5864]
  0x00000182b16164a0 GCTaskThread "GC Thread#3" [stack: 0x0000006dd1100000,0x0000006dd1200000] [id=7376]
  0x00000182b1642320 GCTaskThread "GC Thread#4" [stack: 0x0000006dd1200000,0x0000006dd1300000] [id=18868]
  0x00000182b16425d0 GCTaskThread "GC Thread#5" [stack: 0x0000006dd1300000,0x0000006dd1400000] [id=24204]
  0x00000182b1642880 GCTaskThread "GC Thread#6" [stack: 0x0000006dd1400000,0x0000006dd1500000] [id=1620]
  0x00000182b1642f40 GCTaskThread "GC Thread#7" [stack: 0x0000006dd1500000,0x0000006dd1600000] [id=10880]
  0x00000182b16431f0 GCTaskThread "GC Thread#8" [stack: 0x0000006dd1600000,0x0000006dd1700000] [id=5668]
  0x00000182b164b4b0 GCTaskThread "GC Thread#9" [stack: 0x0000006dd1700000,0x0000006dd1800000] [id=14012]
  0x00000182a1d29840 ConcurrentGCThread "G1 Main Marker" [stack: 0x0000006dcf700000,0x0000006dcf800000] [id=24156]
  0x00000182a1d2a9f0 ConcurrentGCThread "G1 Conc#0" [stack: 0x0000006dcf800000,0x0000006dcf900000] [id=13588]
  0x00000182b2499c30 ConcurrentGCThread "G1 Conc#1" [stack: 0x0000006dd1f00000,0x0000006dd2000000] [id=24052]
  0x00000182b2499ee0 ConcurrentGCThread "G1 Conc#2" [stack: 0x0000006dd2000000,0x0000006dd2100000] [id=19912]
  0x00000182afbed140 ConcurrentGCThread "G1 Refine#0" [stack: 0x0000006dcf900000,0x0000006dcfa00000] [id=4840]
  0x00000182afbedb60 ConcurrentGCThread "G1 Service" [stack: 0x0000006dcfa00000,0x0000006dcfb00000] [id=11252]

Threads with active compile tasks:

VM state: not at safepoint (normal execution)

VM Mutex/Monitor currently owned by a thread: None

Heap address: 0x0000000082c00000, size: 2004 MB, Compressed Oops mode: 32-bit

CDS archive(s) not mapped
Compressed class space mapped at: 0x0000000100000000-0x0000000140000000, reserved size: 1073741824
Narrow klass base: 0x0000000000000000, Narrow klass shift: 3, Narrow klass range: 0x140000000

GC Precious Log:
 CPUs: 12 total, 12 available
 Memory: 8013M
 Large Page Support: Disabled
 NUMA Support: Disabled
 Compressed Oops: Enabled (32-bit)
 Heap Region Size: 1M
 Heap Min Capacity: 8M
 Heap Initial Capacity: 126M
 Heap Max Capacity: 2004M
 Pre-touch: Disabled
 Parallel Workers: 10
 Concurrent Workers: 3
 Concurrent Refinement Workers: 10
 Periodic GC: Disabled

Heap:
 garbage-first heap   total 101376K, used 76214K [0x0000000082c00000, 0x0000000100000000)
  region size 1024K, 49 young (50176K), 4 survivors (4096K)
 Metaspace       used 63048K, committed 63488K, reserved 1105920K
  class space    used 8033K, committed 8256K, reserved 1048576K

Heap Regions: E=young(eden), S=young(survivor), O=old, HS=humongous(starts), HC=humongous(continues), CS=collection set, F=free, OA=open archive, CA=closed archive, TAMS=top-at-mark-start (previous, next)
|   0|0x0000000082c00000, 0x0000000082d00000, 0x0000000082d00000|100%|HS|  |TAMS 0x0000000082d00000, 0x0000000082c00000| Complete 
|   1|0x0000000082d00000, 0x0000000082e00000, 0x0000000082e00000|100%| O|  |TAMS 0x0000000082e00000, 0x0000000082d00000| Untracked 
|   2|0x0000000082e00000, 0x0000000082f00000, 0x0000000082f00000|100%| O|  |TAMS 0x0000000082f00000, 0x0000000082e00000| Untracked 
|   3|0x0000000082f00000, 0x0000000083000000, 0x0000000083000000|100%| O|  |TAMS 0x0000000083000000, 0x0000000082f00000| Untracked 
|   4|0x0000000083000000, 0x0000000083100000, 0x0000000083100000|100%| O|  |TAMS 0x0000000083100000, 0x0000000083000000| Untracked 
|   5|0x0000000083100000, 0x0000000083200000, 0x0000000083200000|100%| O|  |TAMS 0x0000000083200000, 0x0000000083100000| Untracked 
|   6|0x0000000083200000, 0x0000000083300000, 0x0000000083300000|100%| O|  |TAMS 0x0000000083300000, 0x0000000083200000| Untracked 
|   7|0x0000000083300000, 0x0000000083400000, 0x0000000083400000|100%| O|  |TAMS 0x0000000083400000, 0x0000000083300000| Untracked 
|   8|0x0000000083400000, 0x0000000083452200, 0x0000000083500000| 32%| O|  |TAMS 0x0000000083452200, 0x0000000083400000| Untracked 
|   9|0x0000000083500000, 0x0000000083600000, 0x0000000083600000|100%| O|  |TAMS 0x0000000083600000, 0x0000000083500000| Untracked 
|  10|0x0000000083600000, 0x0000000083700000, 0x0000000083700000|100%| O|  |TAMS 0x0000000083700000, 0x0000000083600000| Untracked 
|  11|0x0000000083700000, 0x0000000083800000, 0x0000000083800000|100%| O|  |TAMS 0x0000000083800000, 0x0000000083700000| Untracked 
|  12|0x0000000083800000, 0x0000000083900000, 0x0000000083900000|100%| O|  |TAMS 0x0000000083900000, 0x0000000083800000| Untracked 
|  13|0x0000000083900000, 0x0000000083a00000, 0x0000000083a00000|100%| O|  |TAMS 0x0000000083a00000, 0x0000000083900000| Untracked 
|  14|0x0000000083a00000, 0x0000000083b00000, 0x0000000083b00000|100%| O|  |TAMS 0x0000000083b00000, 0x0000000083a00000| Untracked 
|  15|0x0000000083b00000, 0x0000000083c00000, 0x0000000083c00000|100%| O|  |TAMS 0x0000000083c00000, 0x0000000083b00000| Untracked 
|  16|0x0000000083c00000, 0x0000000083d00000, 0x0000000083d00000|100%| O|  |TAMS 0x0000000083d00000, 0x0000000083c00000| Untracked 
|  17|0x0000000083d00000, 0x0000000083e00000, 0x0000000083e00000|100%| O|  |TAMS 0x0000000083e00000, 0x0000000083d00000| Untracked 
|  18|0x0000000083e00000, 0x0000000083f00000, 0x0000000083f00000|100%| O|  |TAMS 0x0000000083f00000, 0x0000000083e00000| Untracked 
|  19|0x0000000083f00000, 0x0000000084000000, 0x0000000084000000|100%| O|  |TAMS 0x0000000084000000, 0x0000000083f00000| Untracked 
|  20|0x0000000084000000, 0x0000000084100000, 0x0000000084100000|100%| O|  |TAMS 0x0000000084100000, 0x0000000084000000| Untracked 
|  21|0x0000000084100000, 0x0000000084200000, 0x0000000084200000|100%| O|  |TAMS 0x0000000084200000, 0x0000000084100000| Untracked 
|  22|0x0000000084200000, 0x0000000084300000, 0x0000000084300000|100%| O|  |TAMS 0x0000000084300000, 0x0000000084200000| Untracked 
|  23|0x0000000084300000, 0x0000000084400000, 0x0000000084400000|100%| O|  |TAMS 0x0000000084400000, 0x0000000084300000| Untracked 
|  24|0x0000000084400000, 0x0000000084500000, 0x0000000084500000|100%| O|  |TAMS 0x0000000084491600, 0x0000000084400000| Untracked 
|  25|0x0000000084500000, 0x0000000084600000, 0x0000000084600000|100%| O|  |TAMS 0x0000000084500000, 0x0000000084500000| Untracked 
|  26|0x0000000084600000, 0x0000000084700000, 0x0000000084700000|100%| O|  |TAMS 0x0000000084600000, 0x0000000084600000| Untracked 
|  27|0x0000000084700000, 0x0000000084749c00, 0x0000000084800000| 28%| O|  |TAMS 0x0000000084700000, 0x0000000084700000| Untracked 
|  28|0x0000000084800000, 0x0000000084800000, 0x0000000084900000|  0%| F|  |TAMS 0x0000000084800000, 0x0000000084800000| Untracked 
|  29|0x0000000084900000, 0x0000000084900000, 0x0000000084a00000|  0%| F|  |TAMS 0x0000000084900000, 0x0000000084900000| Untracked 
|  30|0x0000000084a00000, 0x0000000084a00000, 0x0000000084b00000|  0%| F|  |TAMS 0x0000000084a00000, 0x0000000084a00000| Untracked 
|  31|0x0000000084b00000, 0x0000000084b00000, 0x0000000084c00000|  0%| F|  |TAMS 0x0000000084b00000, 0x0000000084b00000| Untracked 
|  32|0x0000000084c00000, 0x0000000084c00000, 0x0000000084d00000|  0%| F|  |TAMS 0x0000000084c00000, 0x0000000084c00000| Untracked 
|  33|0x0000000084d00000, 0x0000000084d00000, 0x0000000084e00000|  0%| F|  |TAMS 0x0000000084d00000, 0x0000000084d00000| Untracked 
|  34|0x0000000084e00000, 0x0000000084e00000, 0x0000000084f00000|  0%| F|  |TAMS 0x0000000084e00000, 0x0000000084e00000| Untracked 
|  35|0x0000000084f00000, 0x0000000084f00000, 0x0000000085000000|  0%| F|  |TAMS 0x0000000084f00000, 0x0000000084f00000| Untracked 
|  36|0x0000000085000000, 0x0000000085000000, 0x0000000085100000|  0%| F|  |TAMS 0x0000000085000000, 0x0000000085000000| Untracked 
|  37|0x0000000085100000, 0x0000000085100000, 0x0000000085200000|  0%| F|  |TAMS 0x0000000085100000, 0x0000000085100000| Untracked 
|  38|0x0000000085200000, 0x0000000085200000, 0x0000000085300000|  0%| F|  |TAMS 0x0000000085200000, 0x0000000085200000| Untracked 
|  39|0x0000000085300000, 0x0000000085300000, 0x0000000085400000|  0%| F|  |TAMS 0x0000000085300000, 0x0000000085300000| Untracked 
|  40|0x0000000085400000, 0x0000000085400000, 0x0000000085500000|  0%| F|  |TAMS 0x0000000085400000, 0x0000000085400000| Untracked 
|  41|0x0000000085500000, 0x0000000085500000, 0x0000000085600000|  0%| F|  |TAMS 0x0000000085500000, 0x0000000085500000| Untracked 
|  42|0x0000000085600000, 0x0000000085600000, 0x0000000085700000|  0%| F|  |TAMS 0x0000000085600000, 0x0000000085600000| Untracked 
|  43|0x0000000085700000, 0x0000000085700000, 0x0000000085800000|  0%| F|  |TAMS 0x0000000085700000, 0x0000000085700000| Untracked 
|  44|0x0000000085800000, 0x0000000085800000, 0x0000000085900000|  0%| F|  |TAMS 0x0000000085800000, 0x0000000085800000| Untracked 
|  45|0x0000000085900000, 0x0000000085900000, 0x0000000085a00000|  0%| F|  |TAMS 0x0000000085900000, 0x0000000085900000| Untracked 
|  46|0x0000000085a00000, 0x0000000085a00000, 0x0000000085b00000|  0%| F|  |TAMS 0x0000000085a00000, 0x0000000085a00000| Untracked 
|  47|0x0000000085b00000, 0x0000000085bd1d80, 0x0000000085c00000| 81%| S|CS|TAMS 0x0000000085b00000, 0x0000000085b00000| Complete 
|  48|0x0000000085c00000, 0x0000000085d00000, 0x0000000085d00000|100%| S|CS|TAMS 0x0000000085c00000, 0x0000000085c00000| Complete 
|  49|0x0000000085d00000, 0x0000000085e00000, 0x0000000085e00000|100%| S|CS|TAMS 0x0000000085d00000, 0x0000000085d00000| Complete 
|  50|0x0000000085e00000, 0x0000000085f00000, 0x0000000085f00000|100%| S|CS|TAMS 0x0000000085e00000, 0x0000000085e00000| Complete 
|  51|0x0000000085f00000, 0x0000000085f00000, 0x0000000086000000|  0%| F|  |TAMS 0x0000000085f00000, 0x0000000085f00000| Untracked 
|  52|0x0000000086000000, 0x0000000086000000, 0x0000000086100000|  0%| F|  |TAMS 0x0000000086000000, 0x0000000086000000| Untracked 
|  53|0x0000000086100000, 0x0000000086100000, 0x0000000086200000|  0%| F|  |TAMS 0x0000000086100000, 0x0000000086100000| Untracked 
|  54|0x0000000086200000, 0x00000000862eb9d8, 0x0000000086300000| 92%| E|  |TAMS 0x0000000086200000, 0x0000000086200000| Complete 
|  55|0x0000000086300000, 0x0000000086400000, 0x0000000086400000|100%| E|CS|TAMS 0x0000000086300000, 0x0000000086300000| Complete 
|  56|0x0000000086400000, 0x0000000086500000, 0x0000000086500000|100%| E|CS|TAMS 0x0000000086400000, 0x0000000086400000| Complete 
|  57|0x0000000086500000, 0x0000000086600000, 0x0000000086600000|100%| E|CS|TAMS 0x0000000086500000, 0x0000000086500000| Complete 
|  58|0x0000000086600000, 0x0000000086700000, 0x0000000086700000|100%| E|CS|TAMS 0x0000000086600000, 0x0000000086600000| Complete 
|  59|0x0000000086700000, 0x0000000086800000, 0x0000000086800000|100%| E|CS|TAMS 0x0000000086700000, 0x0000000086700000| Complete 
|  60|0x0000000086800000, 0x0000000086900000, 0x0000000086900000|100%| E|CS|TAMS 0x0000000086800000, 0x0000000086800000| Complete 
|  61|0x0000000086900000, 0x0000000086a00000, 0x0000000086a00000|100%| E|CS|TAMS 0x0000000086900000, 0x0000000086900000| Complete 
|  62|0x0000000086a00000, 0x0000000086b00000, 0x0000000086b00000|100%| E|CS|TAMS 0x0000000086a00000, 0x0000000086a00000| Complete 
|  63|0x0000000086b00000, 0x0000000086c00000, 0x0000000086c00000|100%| E|CS|TAMS 0x0000000086b00000, 0x0000000086b00000| Complete 
|  64|0x0000000086c00000, 0x0000000086d00000, 0x0000000086d00000|100%| E|CS|TAMS 0x0000000086c00000, 0x0000000086c00000| Complete 
|  65|0x0000000086d00000, 0x0000000086e00000, 0x0000000086e00000|100%| E|CS|TAMS 0x0000000086d00000, 0x0000000086d00000| Complete 
|  66|0x0000000086e00000, 0x0000000086f00000, 0x0000000086f00000|100%| E|CS|TAMS 0x0000000086e00000, 0x0000000086e00000| Complete 
|  67|0x0000000086f00000, 0x0000000087000000, 0x0000000087000000|100%| E|CS|TAMS 0x0000000086f00000, 0x0000000086f00000| Complete 
|  68|0x0000000087000000, 0x0000000087100000, 0x0000000087100000|100%| E|CS|TAMS 0x0000000087000000, 0x0000000087000000| Complete 
|  69|0x0000000087100000, 0x0000000087200000, 0x0000000087200000|100%| E|CS|TAMS 0x0000000087100000, 0x0000000087100000| Complete 
|  70|0x0000000087200000, 0x0000000087300000, 0x0000000087300000|100%| E|CS|TAMS 0x0000000087200000, 0x0000000087200000| Complete 
|  71|0x0000000087300000, 0x0000000087400000, 0x0000000087400000|100%| E|CS|TAMS 0x0000000087300000, 0x0000000087300000| Complete 
|  72|0x0000000087400000, 0x0000000087500000, 0x0000000087500000|100%| E|CS|TAMS 0x0000000087400000, 0x0000000087400000| Complete 
|  73|0x0000000087500000, 0x0000000087600000, 0x0000000087600000|100%| E|CS|TAMS 0x0000000087500000, 0x0000000087500000| Complete 
|  74|0x0000000087600000, 0x0000000087700000, 0x0000000087700000|100%| E|CS|TAMS 0x0000000087600000, 0x0000000087600000| Complete 
|  75|0x0000000087700000, 0x0000000087800000, 0x0000000087800000|100%| E|CS|TAMS 0x0000000087700000, 0x0000000087700000| Complete 
|  76|0x0000000087800000, 0x0000000087900000, 0x0000000087900000|100%| E|CS|TAMS 0x0000000087800000, 0x0000000087800000| Complete 
|  77|0x0000000087900000, 0x0000000087a00000, 0x0000000087a00000|100%| E|CS|TAMS 0x0000000087900000, 0x0000000087900000| Complete 
|  78|0x0000000087a00000, 0x0000000087b00000, 0x0000000087b00000|100%| E|CS|TAMS 0x0000000087a00000, 0x0000000087a00000| Complete 
|  79|0x0000000087b00000, 0x0000000087c00000, 0x0000000087c00000|100%| E|CS|TAMS 0x0000000087b00000, 0x0000000087b00000| Complete 
|  80|0x0000000087c00000, 0x0000000087d00000, 0x0000000087d00000|100%| E|CS|TAMS 0x0000000087c00000, 0x0000000087c00000| Complete 
|  81|0x0000000087d00000, 0x0000000087e00000, 0x0000000087e00000|100%| E|CS|TAMS 0x0000000087d00000, 0x0000000087d00000| Complete 
|  82|0x0000000087e00000, 0x0000000087f00000, 0x0000000087f00000|100%| E|CS|TAMS 0x0000000087e00000, 0x0000000087e00000| Complete 
|  83|0x0000000087f00000, 0x0000000088000000, 0x0000000088000000|100%| E|CS|TAMS 0x0000000087f00000, 0x0000000087f00000| Complete 
|  84|0x0000000088000000, 0x0000000088100000, 0x0000000088100000|100%| E|CS|TAMS 0x0000000088000000, 0x0000000088000000| Complete 
|  85|0x0000000088100000, 0x0000000088200000, 0x0000000088200000|100%| E|CS|TAMS 0x0000000088100000, 0x0000000088100000| Complete 
|  86|0x0000000088200000, 0x0000000088300000, 0x0000000088300000|100%| E|CS|TAMS 0x0000000088200000, 0x0000000088200000| Complete 
|  87|0x0000000088300000, 0x0000000088400000, 0x0000000088400000|100%| E|CS|TAMS 0x0000000088300000, 0x0000000088300000| Complete 
|  88|0x0000000088400000, 0x0000000088500000, 0x0000000088500000|100%| E|CS|TAMS 0x0000000088400000, 0x0000000088400000| Complete 
|  89|0x0000000088500000, 0x0000000088600000, 0x0000000088600000|100%| E|CS|TAMS 0x0000000088500000, 0x0000000088500000| Complete 
|  90|0x0000000088600000, 0x0000000088700000, 0x0000000088700000|100%| E|CS|TAMS 0x0000000088600000, 0x0000000088600000| Complete 
|  91|0x0000000088700000, 0x0000000088800000, 0x0000000088800000|100%| E|CS|TAMS 0x0000000088700000, 0x0000000088700000| Complete 
|  92|0x0000000088800000, 0x0000000088900000, 0x0000000088900000|100%| E|CS|TAMS 0x0000000088800000, 0x0000000088800000| Complete 
|  93|0x0000000088900000, 0x0000000088a00000, 0x0000000088a00000|100%| E|CS|TAMS 0x0000000088900000, 0x0000000088900000| Complete 
|  94|0x0000000088a00000, 0x0000000088b00000, 0x0000000088b00000|100%| E|CS|TAMS 0x0000000088a00000, 0x0000000088a00000| Complete 
|  95|0x0000000088b00000, 0x0000000088c00000, 0x0000000088c00000|100%| E|CS|TAMS 0x0000000088b00000, 0x0000000088b00000| Complete 
|  96|0x0000000088c00000, 0x0000000088d00000, 0x0000000088d00000|100%| E|CS|TAMS 0x0000000088c00000, 0x0000000088c00000| Complete 
|  97|0x0000000088d00000, 0x0000000088e00000, 0x0000000088e00000|100%| E|CS|TAMS 0x0000000088d00000, 0x0000000088d00000| Complete 
| 125|0x000000008a900000, 0x000000008aa00000, 0x000000008aa00000|100%| E|CS|TAMS 0x000000008a900000, 0x000000008a900000| Complete 

Card table byte_map: [0x00000182a8a70000,0x00000182a8e60000] _byte_map_base: 0x00000182a865a000

Marking Bits (Prev, Next): (CMBitMap*) 0x00000182a1d194d0, (CMBitMap*) 0x00000182a1d19490
 Prev Bits: [0x00000182ab1a0000, 0x00000182ad0f0000)
 Next Bits: [0x00000182a9250000, 0x00000182ab1a0000)

Polling page: 0x000001829fc20000

Metaspace:

Usage:
  Non-class:     53.73 MB used.
      Class:      7.85 MB used.
       Both:     61.57 MB used.

Virtual space:
  Non-class space:       56.00 MB reserved,      53.94 MB ( 96%) committed,  7 nodes.
      Class space:        1.00 GB reserved,       8.06 MB ( <1%) committed,  1 nodes.
             Both:        1.05 GB reserved,      62.00 MB (  6%) committed. 

Chunk freelists:
   Non-Class:  1.56 MB
       Class:  3.97 MB
        Both:  5.53 MB

MaxMetaspaceSize: unlimited
CompressedClassSpaceSize: 1.00 GB
Initial GC threshold: 21.00 MB
Current GC threshold: 97.94 MB
CDS: off
MetaspaceReclaimPolicy: balanced
 - commit_granule_bytes: 65536.
 - commit_granule_words: 8192.
 - virtual_space_node_default_size: 1048576.
 - enlarge_chunks_in_place: 1.
 - new_chunks_are_fully_committed: 0.
 - uncommit_free_chunks: 1.
 - use_allocation_guard: 0.
 - handle_deallocations: 1.


Internal statistics:

num_allocs_failed_limit: 9.
num_arena_births: 566.
num_arena_deaths: 0.
num_vsnodes_births: 8.
num_vsnodes_deaths: 0.
num_space_committed: 992.
num_space_uncommitted: 0.
num_chunks_returned_to_freelist: 9.
num_chunks_taken_from_freelist: 2424.
num_chunk_merges: 6.
num_chunk_splits: 1665.
num_chunks_enlarged: 1257.
num_purges: 0.
num_inconsistent_stats: 0.

CodeCache: size=49152Kb used=10736Kb max_used=12058Kb free=38415Kb
 bounds [0x00000182a5350000, 0x00000182a5f20000, 0x00000182a8350000]
 total_blobs=6106 nmethods=5462 adapters=571
 compilation: enabled
              stopped_count=0, restarted_count=0
 full_count=0

Compilation events (20 events):
Event: 249.804 Thread 0x00000182b086ea20 5452       1       sun.nio.ch.WEPollSelectorImpl::processEvents (152 bytes)
Event: 249.805 Thread 0x00000182b086ea20 nmethod 5452 0x00000182a5552710 code [0x00000182a5552920, 0x00000182a5552e88]
Event: 249.805 Thread 0x00000182b086ea20 5451       1       java.nio.channels.spi.AbstractSelector::end (5 bytes)
Event: 249.805 Thread 0x00000182b086ea20 nmethod 5451 0x00000182a5552110 code [0x00000182a55522c0, 0x00000182a5552538]
Event: 249.805 Thread 0x00000182b086ea20 5453       1       java.util.concurrent.atomic.AtomicLong::set (12 bytes)
Event: 249.805 Thread 0x00000182b086ea20 nmethod 5453 0x00000182a5551e10 code [0x00000182a5551fa0, 0x00000182a5552078]
Event: 252.100 Thread 0x00000182b086ea20 5456       1       java.util.Collections$SetFromMap::iterator (10 bytes)
Event: 252.100 Thread 0x00000182b086ea20 nmethod 5456 0x00000182a5551b10 code [0x00000182a5551ca0, 0x00000182a5551d88]
Event: 253.565 Thread 0x00000182b086ea20 5457       1       org.apache.catalina.util.LifecycleBase::fireLifecycleEvent (56 bytes)
Event: 253.566 Thread 0x00000182b086ea20 nmethod 5457 0x00000182a5551410 code [0x00000182a55515e0, 0x00000182a5551958]
Event: 253.566 Thread 0x00000182b086ea20 5458       1       org.apache.catalina.LifecycleEvent::<init> (16 bytes)
Event: 253.566 Thread 0x00000182b086ea20 nmethod 5458 0x00000182a5550f10 code [0x00000182a55510c0, 0x00000182a5551348]
Event: 261.105 Thread 0x00000182b086ea20 5459       1       org.apache.coyote.AbstractProtocol$$Lambda$982/0x00000001007b8410::run (8 bytes)
Event: 261.106 Thread 0x00000182b086ea20 nmethod 5459 0x00000182a5550b90 code [0x00000182a5550d20, 0x00000182a5550e08]
Event: 261.106 Thread 0x00000182b086ea20 5460       1       org.apache.coyote.AbstractProtocol::lambda$startAsyncTimeout$1 (46 bytes)
Event: 261.106 Thread 0x00000182b086ea20 nmethod 5460 0x00000182a5550610 code [0x00000182a55507e0, 0x00000182a5550a18]
Event: 276.722 Thread 0x00000182b086ea20 5461       1       org.springframework.boot.devtools.filewatch.FileSystemWatcher$Watcher::scan (63 bytes)
Event: 276.722 Thread 0x00000182b086ea20 nmethod 5461 0x00000182a5550090 code [0x00000182a5550280, 0x00000182a5550488]
Event: 277.334 Thread 0x00000182b086ea20 5462       1       org.springframework.boot.devtools.filewatch.FileSystemWatcher$Watcher::getCurrentSnapshots (63 bytes)
Event: 277.336 Thread 0x00000182b086ea20 nmethod 5462 0x00000182a554f790 code [0x00000182a554f9a0, 0x00000182a554fd58]

GC Heap History (20 events):
Event: 3.508 GC heap before
{Heap before GC invocations=15 (full 0):
 garbage-first heap   total 69632K, used 54408K [0x0000000082c00000, 0x0000000100000000)
  region size 1024K, 35 young (35840K), 3 survivors (3072K)
 Metaspace       used 40101K, committed 40512K, reserved 1089536K
  class space    used 5041K, committed 5248K, reserved 1048576K
}
Event: 3.511 GC heap after
{Heap after GC invocations=16 (full 0):
 garbage-first heap   total 69632K, used 22571K [0x0000000082c00000, 0x0000000100000000)
  region size 1024K, 2 young (2048K), 2 survivors (2048K)
 Metaspace       used 40101K, committed 40512K, reserved 1089536K
  class space    used 5041K, committed 5248K, reserved 1048576K
}
Event: 3.807 GC heap before
{Heap before GC invocations=16 (full 0):
 garbage-first heap   total 69632K, used 54315K [0x0000000082c00000, 0x0000000100000000)
  region size 1024K, 33 young (33792K), 2 survivors (2048K)
 Metaspace       used 45767K, committed 46144K, reserved 1089536K
  class space    used 5720K, committed 5888K, reserved 1048576K
}
Event: 3.809 GC heap after
{Heap after GC invocations=17 (full 0):
 garbage-first heap   total 69632K, used 23963K [0x0000000082c00000, 0x0000000100000000)
  region size 1024K, 3 young (3072K), 3 survivors (3072K)
 Metaspace       used 45767K, committed 46144K, reserved 1089536K
  class space    used 5720K, committed 5888K, reserved 1048576K
}
Event: 3.996 GC heap before
{Heap before GC invocations=17 (full 0):
 garbage-first heap   total 69632K, used 54683K [0x0000000082c00000, 0x0000000100000000)
  region size 1024K, 33 young (33792K), 3 survivors (3072K)
 Metaspace       used 47955K, committed 48320K, reserved 1097728K
  class space    used 5983K, committed 6144K, reserved 1048576K
}
Event: 3.999 GC heap after
{Heap after GC invocations=18 (full 0):
 garbage-first heap   total 69632K, used 24840K [0x0000000082c00000, 0x0000000100000000)
  region size 1024K, 3 young (3072K), 3 survivors (3072K)
 Metaspace       used 47955K, committed 48320K, reserved 1097728K
  class space    used 5983K, committed 6144K, reserved 1048576K
}
Event: 4.190 GC heap before
{Heap before GC invocations=18 (full 0):
 garbage-first heap   total 69632K, used 55560K [0x0000000082c00000, 0x0000000100000000)
  region size 1024K, 33 young (33792K), 3 survivors (3072K)
 Metaspace       used 50414K, committed 50816K, reserved 1097728K
  class space    used 6485K, committed 6656K, reserved 1048576K
}
Event: 4.192 GC heap after
{Heap after GC invocations=19 (full 0):
 garbage-first heap   total 69632K, used 25217K [0x0000000082c00000, 0x0000000100000000)
  region size 1024K, 3 young (3072K), 3 survivors (3072K)
 Metaspace       used 50414K, committed 50816K, reserved 1097728K
  class space    used 6485K, committed 6656K, reserved 1048576K
}
Event: 4.358 GC heap before
{Heap before GC invocations=19 (full 0):
 garbage-first heap   total 69632K, used 55937K [0x0000000082c00000, 0x0000000100000000)
  region size 1024K, 33 young (33792K), 3 survivors (3072K)
 Metaspace       used 53268K, committed 53632K, reserved 1097728K
  class space    used 6910K, committed 7104K, reserved 1048576K
}
Event: 4.361 GC heap after
{Heap after GC invocations=20 (full 0):
 garbage-first heap   total 83968K, used 25796K [0x0000000082c00000, 0x0000000100000000)
  region size 1024K, 3 young (3072K), 3 survivors (3072K)
 Metaspace       used 53268K, committed 53632K, reserved 1097728K
  class space    used 6910K, committed 7104K, reserved 1048576K
}
Event: 4.627 GC heap before
{Heap before GC invocations=20 (full 0):
 garbage-first heap   total 83968K, used 68804K [0x0000000082c00000, 0x0000000100000000)
  region size 1024K, 43 young (44032K), 3 survivors (3072K)
 Metaspace       used 56934K, committed 57344K, reserved 1105920K
  class space    used 7221K, committed 7424K, reserved 1048576K
}
Event: 4.630 GC heap after
{Heap after GC invocations=21 (full 0):
 garbage-first heap   total 83968K, used 27296K [0x0000000082c00000, 0x0000000100000000)
  region size 1024K, 4 young (4096K), 4 survivors (4096K)
 Metaspace       used 56934K, committed 57344K, reserved 1105920K
  class space    used 7221K, committed 7424K, reserved 1048576K
}
Event: 4.931 GC heap before
{Heap before GC invocations=21 (full 0):
 garbage-first heap   total 83968K, used 67232K [0x0000000082c00000, 0x0000000100000000)
  region size 1024K, 43 young (44032K), 4 survivors (4096K)
 Metaspace       used 59671K, committed 60096K, reserved 1105920K
  class space    used 7624K, committed 7808K, reserved 1048576K
}
Event: 4.934 GC heap after
{Heap after GC invocations=22 (full 0):
 garbage-first heap   total 83968K, used 29927K [0x0000000082c00000, 0x0000000100000000)
  region size 1024K, 6 young (6144K), 6 survivors (6144K)
 Metaspace       used 59671K, committed 60096K, reserved 1105920K
  class space    used 7624K, committed 7808K, reserved 1048576K
}
Event: 4.944 GC heap before
{Heap before GC invocations=22 (full 0):
 garbage-first heap   total 83968K, used 29927K [0x0000000082c00000, 0x0000000100000000)
  region size 1024K, 7 young (7168K), 6 survivors (6144K)
 Metaspace       used 59721K, committed 60096K, reserved 1105920K
  class space    used 7631K, committed 7808K, reserved 1048576K
}
Event: 4.947 GC heap after
{Heap after GC invocations=23 (full 0):
 garbage-first heap   total 83968K, used 30189K [0x0000000082c00000, 0x0000000100000000)
  region size 1024K, 3 young (3072K), 3 survivors (3072K)
 Metaspace       used 59721K, committed 60096K, reserved 1105920K
  class space    used 7631K, committed 7808K, reserved 1048576K
}
Event: 12.089 GC heap before
{Heap before GC invocations=24 (full 0):
 garbage-first heap   total 83968K, used 65005K [0x0000000082c00000, 0x0000000100000000)
  region size 1024K, 38 young (38912K), 3 survivors (3072K)
 Metaspace       used 62860K, committed 63360K, reserved 1105920K
  class space    used 8015K, committed 8256K, reserved 1048576K
}
Event: 12.093 GC heap after
{Heap after GC invocations=25 (full 0):
 garbage-first heap   total 101376K, used 31021K [0x0000000082c00000, 0x0000000100000000)
  region size 1024K, 4 young (4096K), 4 survivors (4096K)
 Metaspace       used 62860K, committed 63360K, reserved 1105920K
  class space    used 8015K, committed 8256K, reserved 1048576K
}
Event: 156.008 GC heap before
{Heap before GC invocations=25 (full 0):
 garbage-first heap   total 101376K, used 80173K [0x0000000082c00000, 0x0000000100000000)
  region size 1024K, 52 young (53248K), 4 survivors (4096K)
 Metaspace       used 63016K, committed 63488K, reserved 1105920K
  class space    used 8033K, committed 8256K, reserved 1048576K
}
Event: 156.010 GC heap after
{Heap after GC invocations=26 (full 0):
 garbage-first heap   total 101376K, used 31158K [0x0000000082c00000, 0x0000000100000000)
  region size 1024K, 4 young (4096K), 4 survivors (4096K)
 Metaspace       used 63016K, committed 63488K, reserved 1105920K
  class space    used 8033K, committed 8256K, reserved 1048576K
}

Deoptimization events (20 events):
Event: 15.187 Thread 0x00000182b410ddf0 DEOPT PACKING pc=0x00000182a5ce5c14 sp=0x0000006dd2bfc620
Event: 15.187 Thread 0x00000182b410ddf0 DEOPT UNPACKING pc=0x00000182a53a2b43 sp=0x0000006dd2bfbcd8 mode 1
Event: 15.188 Thread 0x00000182b410ddf0 DEOPT PACKING pc=0x00000182a5831fd4 sp=0x0000006dd2bfc5c0
Event: 15.188 Thread 0x00000182b410ddf0 DEOPT UNPACKING pc=0x00000182a53a2b43 sp=0x0000006dd2bfba58 mode 1
Event: 15.188 Thread 0x00000182b410ddf0 DEOPT PACKING pc=0x00000182a5828c7c sp=0x0000006dd2bfc690
Event: 15.188 Thread 0x00000182b410ddf0 DEOPT UNPACKING pc=0x00000182a53a2b43 sp=0x0000006dd2bfbb38 mode 1
Event: 15.188 Thread 0x00000182b410ddf0 DEOPT PACKING pc=0x00000182a5ce5c14 sp=0x0000006dd2bfc6e0
Event: 15.188 Thread 0x00000182b410ddf0 DEOPT UNPACKING pc=0x00000182a53a2b43 sp=0x0000006dd2bfbd98 mode 1
Event: 15.188 Thread 0x00000182b410ddf0 DEOPT PACKING pc=0x00000182a5831fd4 sp=0x0000006dd2bfc690
Event: 15.188 Thread 0x00000182b410ddf0 DEOPT UNPACKING pc=0x00000182a53a2b43 sp=0x0000006dd2bfbb28 mode 1
Event: 15.188 Thread 0x00000182b410ddf0 DEOPT PACKING pc=0x00000182a5828c7c sp=0x0000006dd2bfc760
Event: 15.188 Thread 0x00000182b410ddf0 DEOPT UNPACKING pc=0x00000182a53a2b43 sp=0x0000006dd2bfbc08 mode 1
Event: 15.188 Thread 0x00000182b410ddf0 DEOPT PACKING pc=0x00000182a5ce5c14 sp=0x0000006dd2bfc7b0
Event: 15.188 Thread 0x00000182b410ddf0 DEOPT UNPACKING pc=0x00000182a53a2b43 sp=0x0000006dd2bfbe68 mode 1
Event: 15.188 Thread 0x00000182b410ddf0 DEOPT PACKING pc=0x00000182a5831fd4 sp=0x0000006dd2bfc750
Event: 15.188 Thread 0x00000182b410ddf0 DEOPT UNPACKING pc=0x00000182a53a2b43 sp=0x0000006dd2bfbbe8 mode 1
Event: 15.188 Thread 0x00000182b410ddf0 DEOPT PACKING pc=0x00000182a5828c7c sp=0x0000006dd2bfc820
Event: 15.188 Thread 0x00000182b410ddf0 DEOPT UNPACKING pc=0x00000182a53a2b43 sp=0x0000006dd2bfbcc8 mode 1
Event: 15.188 Thread 0x00000182b410ddf0 DEOPT PACKING pc=0x00000182a5ce5c14 sp=0x0000006dd2bfc870
Event: 15.188 Thread 0x00000182b410ddf0 DEOPT UNPACKING pc=0x00000182a53a2b43 sp=0x0000006dd2bfbf28 mode 1

Classes unloaded (0 events):
No events

Classes redefined (1 events):
Event: 293.848 Thread 0x00000182afd8fd30 redefined class name=com.example.demo.AttendController, count=1

Internal exceptions (20 events):
Event: 4.435 Thread 0x00000182b22c4550 Exception <a 'java/lang/NoSuchMethodError'{0x00000000872c1ff0}: 'void java.lang.invoke.DirectMethodHandle$Holder.invokeInterface(java.lang.Object, java.lang.Object)'> (0x00000000872c1ff0) 
thrown [e:\jenkins\tmp\workspace\build\src\src\hotspot\share\interpreter\linkResolver.cpp, line 766]
Event: 4.634 Thread 0x00000182b22c4550 Exception <a 'java/lang/NoSuchMethodError'{0x000000008a9cfa38}: 'void java.lang.invoke.DirectMethodHandle$Holder.invokeStaticInit(java.lang.Object)'> (0x000000008a9cfa38) 
thrown [e:\jenkins\tmp\workspace\build\src\src\hotspot\share\interpreter\linkResolver.cpp, line 766]
Event: 4.688 Thread 0x00000182b22c4550 Exception <a 'java/lang/ClassNotFoundException'{0x00000000876908f0}: java/lang/ObjectCustomizer> (0x00000000876908f0) 
thrown [e:\jenkins\tmp\workspace\build\src\src\hotspot\share\classfile\systemDictionary.cpp, line 256]
Event: 4.688 Thread 0x00000182b22c4550 Exception <a 'java/lang/ClassNotFoundException'{0x000000008769a8f0}: org/springframework/web/servlet/config/annotation/WebMvcConfigurationSupportCustomizer> (0x000000008769a8f0) 
thrown [e:\jenkins\tmp\workspace\build\src\src\hotspot\share\classfile\systemDictionary.cpp, line 256]
Event: 4.689 Thread 0x00000182b22c4550 Exception <a 'java/lang/ClassNotFoundException'{0x00000000876b0dd0}: org/springframework/web/servlet/config/annotation/DelegatingWebMvcConfigurationCustomizer> (0x00000000876b0dd0) 
thrown [e:\jenkins\tmp\workspace\build\src\src\hotspot\share\classfile\systemDictionary.cpp, line 256]
Event: 4.690 Thread 0x00000182b22c4550 Exception <a 'java/lang/ClassNotFoundException'{0x00000000876bc780}: org/springframework/boot/autoconfigure/web/servlet/WebMvcAutoConfiguration$EnableWebMvcConfigurationCustomizer> (0x00000000876bc780) 
thrown [e:\jenkins\tmp\workspace\build\src\src\hotspot\share\classfile\systemDictionary.cpp, line 256]
Event: 4.690 Thread 0x00000182b22c4550 Exception <a 'java/lang/ClassNotFoundException'{0x00000000876d0760}: org/springframework/context/ResourceLoaderAwareCustomizer> (0x00000000876d0760) 
thrown [e:\jenkins\tmp\workspace\build\src\src\hotspot\share\classfile\systemDictionary.cpp, line 256]
Event: 4.691 Thread 0x00000182b22c4550 Exception <a 'java/lang/ClassNotFoundException'{0x00000000876d7410}: org/springframework/beans/factory/AwareCustomizer> (0x00000000876d7410) 
thrown [e:\jenkins\tmp\workspace\build\src\src\hotspot\share\classfile\systemDictionary.cpp, line 256]
Event: 4.691 Thread 0x00000182b22c4550 Exception <a 'java/lang/ClassNotFoundException'{0x00000000876dd5e0}: org/springframework/context/ApplicationContextAwareCustomizer> (0x00000000876dd5e0) 
thrown [e:\jenkins\tmp\workspace\build\src\src\hotspot\share\classfile\systemDictionary.cpp, line 256]
Event: 4.691 Thread 0x00000182b22c4550 Exception <a 'java/lang/ClassNotFoundException'{0x00000000876e4d80}: org/springframework/beans/factory/AwareCustomizer> (0x00000000876e4d80) 
thrown [e:\jenkins\tmp\workspace\build\src\src\hotspot\share\classfile\systemDictionary.cpp, line 256]
Event: 4.692 Thread 0x00000182b22c4550 Exception <a 'java/lang/ClassNotFoundException'{0x00000000876eaf28}: org/springframework/web/context/ServletContextAwareCustomizer> (0x00000000876eaf28) 
thrown [e:\jenkins\tmp\workspace\build\src\src\hotspot\share\classfile\systemDictionary.cpp, line 256]
Event: 4.692 Thread 0x00000182b22c4550 Exception <a 'java/lang/ClassNotFoundException'{0x00000000876f2010}: org/springframework/beans/factory/AwareCustomizer> (0x00000000876f2010) 
thrown [e:\jenkins\tmp\workspace\build\src\src\hotspot\share\classfile\systemDictionary.cpp, line 256]
Event: 4.787 Thread 0x00000182b22c4550 Exception <a 'java/lang/NoSuchMethodError'{0x0000000086ab4120}: 'void java.lang.invoke.DirectMethodHandle$Holder.invokeVirtual(java.lang.Object, java.lang.Object, int)'> (0x0000000086ab4120) 
thrown [e:\jenkins\tmp\workspace\build\src\src\hotspot\share\interpreter\linkResolver.cpp, line 766]
Event: 4.788 Thread 0x00000182b22c4550 Exception <a 'java/lang/NoSuchMethodError'{0x0000000086acea80}: 'void java.lang.invoke.DirectMethodHandle$Holder.invokeVirtual(java.lang.Object, java.lang.Object, long)'> (0x0000000086acea80) 
thrown [e:\jenkins\tmp\workspace\build\src\src\hotspot\share\interpreter\linkResolver.cpp, line 766]
Event: 4.798 Thread 0x00000182b22463c0 Exception <a 'java/lang/reflect/InvocationTargetException'{0x0000000086700848}> (0x0000000086700848) 
thrown [e:\jenkins\tmp\workspace\build\src\src\hotspot\share\runtime\reflection.cpp, line 1121]
Event: 4.880 Thread 0x00000182b22c4550 Exception <a 'java/lang/IncompatibleClassChangeError'{0x0000000085d43e08}: Found class java.lang.Object, but interface was expected> (0x0000000085d43e08) 
thrown [e:\jenkins\tmp\workspace\build\src\src\hotspot\share\interpreter\linkResolver.cpp, line 833]
Event: 5.051 Thread 0x00000182b22c4550 Exception <a 'java/lang/NoSuchMethodError'{0x0000000087589348}: 'java.lang.Object java.lang.invoke.DirectMethodHandle$Holder.invokeSpecial(java.lang.Object, java.lang.Object, int, java.lang.Object, int, java.lang.Object)'> (0x0000000087589348) 
thrown [e:\jenkins\tmp\workspace\build\src\src\hotspot\share\interpreter\linkResolver.cpp, line 766]
Event: 5.051 Thread 0x00000182b22c4550 Exception <a 'java/lang/NoSuchMethodError'{0x00000000875913f0}: 'java.lang.Object java.lang.invoke.DirectMethodHandle$Holder.newInvokeSpecial(java.lang.Object, java.lang.Object, int, java.lang.Object, int)'> (0x00000000875913f0) 
thrown [e:\jenkins\tmp\workspace\build\src\src\hotspot\share\interpreter\linkResolver.cpp, line 766]
Event: 5.051 Thread 0x00000182b22c4550 Exception <a 'java/lang/NoSuchMethodError'{0x00000000875954f0}: 'java.lang.Object java.lang.invoke.DirectMethodHandle$Holder.invokeSpecial(java.lang.Object, java.lang.Object, java.lang.Object, int, java.lang.Object, int)'> (0x00000000875954f0) 
thrown [e:\jenkins\tmp\workspace\build\src\src\hotspot\share\interpreter\linkResolver.cpp, line 766]
Event: 5.052 Thread 0x00000182b22c4550 Exception <a 'java/lang/NoSuchMethodError'{0x00000000875a4848}: 'void java.lang.invoke.DirectMethodHandle$Holder.invokeVirtual(java.lang.Object, java.lang.Object)'> (0x00000000875a4848) 
thrown [e:\jenkins\tmp\workspace\build\src\src\hotspot\share\interpreter\linkResolver.cpp, line 766]

VM Operations (20 events):
Event: 235.195 Executing VM operation: get/set locals
Event: 235.195 Executing VM operation: get/set locals done
Event: 235.195 Executing VM operation: get/set locals
Event: 235.195 Executing VM operation: get/set locals done
Event: 238.033 Executing VM operation: GetObjectMonitorUsage
Event: 238.033 Executing VM operation: GetObjectMonitorUsage done
Event: 238.033 Executing VM operation: GetObjectMonitorUsage
Event: 238.033 Executing VM operation: GetObjectMonitorUsage done
Event: 238.035 Executing VM operation: GetObjectMonitorUsage
Event: 238.035 Executing VM operation: GetObjectMonitorUsage done
Event: 238.035 Executing VM operation: GetObjectMonitorUsage
Event: 238.035 Executing VM operation: GetObjectMonitorUsage done
Event: 238.036 Executing VM operation: GetObjectMonitorUsage
Event: 238.036 Executing VM operation: GetObjectMonitorUsage done
Event: 238.036 Executing VM operation: GetObjectMonitorUsage
Event: 238.036 Executing VM operation: GetObjectMonitorUsage done
Event: 264.270 Executing VM operation: Cleanup
Event: 264.270 Executing VM operation: Cleanup done
Event: 293.813 Executing VM operation: RedefineClasses
Event: 293.896 Executing VM operation: RedefineClasses done

Events (20 events):
Event: 8.180 loading class sun/nio/cs/ThreadLocalCoders$Cache
Event: 8.180 loading class sun/nio/cs/ThreadLocalCoders$Cache done
Event: 8.180 loading class sun/nio/cs/ThreadLocalCoders$1 done
Event: 8.180 loading class sun/nio/cs/ThreadLocalCoders$2
Event: 8.180 loading class sun/nio/cs/ThreadLocalCoders$2 done
Event: 8.218 loading class java/lang/InheritableThreadLocal
Event: 8.218 loading class java/lang/InheritableThreadLocal done
Event: 8.236 loading class java/time/format/DateTimeFormatterBuilder$ZoneTextPrinterParser
Event: 8.237 loading class java/time/format/DateTimeFormatterBuilder$ZoneTextPrinterParser done
Event: 8.237 loading class java/time/format/DateTimeFormatterBuilder$ReducedPrinterParser
Event: 8.237 loading class java/time/format/DateTimeFormatterBuilder$ReducedPrinterParser done
Event: 9.039 Thread 0x00000182b4110940 Thread exited: 0x00000182b4110940
Event: 9.936 Thread 0x00000182afd25350 Thread exited: 0x00000182afd25350
Event: 15.182 loading class java/util/OptionalLong
Event: 15.182 loading class java/util/OptionalLong done
Event: 15.182 loading class java/util/OptionalDouble
Event: 15.182 loading class java/util/OptionalDouble done
Event: 15.192 loading class java/nio/StringCharBuffer
Event: 15.192 loading class java/nio/StringCharBuffer done
Event: 91.048 Thread 0x00000182b201c020 Thread exited: 0x00000182b201c020


Dynamic libraries:
0x00007ff6469d0000 - 0x00007ff6469de000 	C:\Users\loveaoe33\.p2\pool\plugins\org.eclipse.justj.openjdk.hotspot.jre.full.win32.x86_64_17.0.3.v20220515-1416\jre\bin\javaw.exe
0x00007fff81ef0000 - 0x00007fff82107000 	C:\WINDOWS\SYSTEM32\ntdll.dll
0x00007fff81900000 - 0x00007fff819c4000 	C:\WINDOWS\System32\KERNEL32.DLL
0x00007fff7f400000 - 0x00007fff7f7a6000 	C:\WINDOWS\System32\KERNELBASE.dll
0x00007fff7f7b0000 - 0x00007fff7f8c1000 	C:\WINDOWS\System32\ucrtbase.dll
0x00007fff42860000 - 0x00007fff42879000 	C:\Users\loveaoe33\.p2\pool\plugins\org.eclipse.justj.openjdk.hotspot.jre.full.win32.x86_64_17.0.3.v20220515-1416\jre\bin\VCRUNTIME140.dll
0x00007fff6db00000 - 0x00007fff6db18000 	C:\Users\loveaoe33\.p2\pool\plugins\org.eclipse.justj.openjdk.hotspot.jre.full.win32.x86_64_17.0.3.v20220515-1416\jre\bin\jli.dll
0x00007fff80b10000 - 0x00007fff80cbe000 	C:\WINDOWS\System32\USER32.dll
0x00007fff7fa40000 - 0x00007fff7fa66000 	C:\WINDOWS\System32\win32u.dll
0x00007fff68d40000 - 0x00007fff68fd3000 	C:\WINDOWS\WinSxS\amd64_microsoft.windows.common-controls_6595b64144ccf1df_6.0.22621.2506_none_270c5ae97388e100\COMCTL32.dll
0x00007fff80ea0000 - 0x00007fff80ec9000 	C:\WINDOWS\System32\GDI32.dll
0x00007fff804c0000 - 0x00007fff80567000 	C:\WINDOWS\System32\msvcrt.dll
0x00007fff7fa70000 - 0x00007fff7fb88000 	C:\WINDOWS\System32\gdi32full.dll
0x00007fff7f2a0000 - 0x00007fff7f33a000 	C:\WINDOWS\System32\msvcp_win.dll
0x00007fff80320000 - 0x00007fff80351000 	C:\WINDOWS\System32\IMM32.DLL
0x00007fff68c00000 - 0x00007fff68c0c000 	C:\Users\loveaoe33\.p2\pool\plugins\org.eclipse.justj.openjdk.hotspot.jre.full.win32.x86_64_17.0.3.v20220515-1416\jre\bin\vcruntime140_1.dll
0x00007fff27170000 - 0x00007fff27201000 	C:\Users\loveaoe33\.p2\pool\plugins\org.eclipse.justj.openjdk.hotspot.jre.full.win32.x86_64_17.0.3.v20220515-1416\jre\bin\msvcp140.dll
0x00007fff1f820000 - 0x00007fff20468000 	C:\Users\loveaoe33\.p2\pool\plugins\org.eclipse.justj.openjdk.hotspot.jre.full.win32.x86_64_17.0.3.v20220515-1416\jre\bin\server\jvm.dll
0x00007fff7fcb0000 - 0x00007fff7fd63000 	C:\WINDOWS\System32\ADVAPI32.dll
0x00007fff80cf0000 - 0x00007fff80d98000 	C:\WINDOWS\System32\sechost.dll
0x00007fff7fb90000 - 0x00007fff7fbb8000 	C:\WINDOWS\System32\bcrypt.dll
0x00007fff81b30000 - 0x00007fff81c47000 	C:\WINDOWS\System32\RPCRT4.dll
0x00007fff7fca0000 - 0x00007fff7fca8000 	C:\WINDOWS\System32\PSAPI.DLL
0x00007fff69540000 - 0x00007fff69574000 	C:\WINDOWS\SYSTEM32\WINMM.dll
0x00007fff77c70000 - 0x00007fff77c7a000 	C:\WINDOWS\SYSTEM32\VERSION.dll
0x00007fff6e470000 - 0x00007fff6e479000 	C:\WINDOWS\SYSTEM32\WSOCK32.dll
0x00007fff7fd70000 - 0x00007fff7fde1000 	C:\WINDOWS\System32\WS2_32.dll
0x00007fff7e2f0000 - 0x00007fff7e308000 	C:\WINDOWS\SYSTEM32\kernel.appcore.dll
0x00007fff6ebc0000 - 0x00007fff6ebca000 	C:\Users\loveaoe33\.p2\pool\plugins\org.eclipse.justj.openjdk.hotspot.jre.full.win32.x86_64_17.0.3.v20220515-1416\jre\bin\jimage.dll
0x00007fff75550000 - 0x00007fff75783000 	C:\WINDOWS\SYSTEM32\DBGHELP.DLL
0x00007fff7fdf0000 - 0x00007fff80179000 	C:\WINDOWS\System32\combase.dll
0x00007fff819d0000 - 0x00007fff81aa7000 	C:\WINDOWS\System32\OLEAUT32.dll
0x00007fff75510000 - 0x00007fff75542000 	C:\WINDOWS\SYSTEM32\dbgcore.DLL
0x00007fff7fbc0000 - 0x00007fff7fc3a000 	C:\WINDOWS\System32\bcryptPrimitives.dll
0x00007fff6a360000 - 0x00007fff6a39b000 	C:\Users\loveaoe33\.p2\pool\plugins\org.eclipse.justj.openjdk.hotspot.jre.full.win32.x86_64_17.0.3.v20220515-1416\jre\bin\jdwp.dll
0x00007fff6ebb0000 - 0x00007fff6ebbe000 	C:\Users\loveaoe33\.p2\pool\plugins\org.eclipse.justj.openjdk.hotspot.jre.full.win32.x86_64_17.0.3.v20220515-1416\jre\bin\instrument.dll
0x00007fff6d140000 - 0x00007fff6d165000 	C:\Users\loveaoe33\.p2\pool\plugins\org.eclipse.justj.openjdk.hotspot.jre.full.win32.x86_64_17.0.3.v20220515-1416\jre\bin\java.dll
0x00007fff6d640000 - 0x00007fff6d658000 	C:\Users\loveaoe33\.p2\pool\plugins\org.eclipse.justj.openjdk.hotspot.jre.full.win32.x86_64_17.0.3.v20220515-1416\jre\bin\zip.dll
0x00007fff80ed0000 - 0x00007fff8172a000 	C:\WINDOWS\System32\SHELL32.dll
0x00007fff7d190000 - 0x00007fff7da86000 	C:\WINDOWS\SYSTEM32\windows.storage.dll
0x00007fff7d050000 - 0x00007fff7d18e000 	C:\WINDOWS\SYSTEM32\wintypes.dll
0x00007fff80da0000 - 0x00007fff80e93000 	C:\WINDOWS\System32\SHCORE.dll
0x00007fff7fc40000 - 0x00007fff7fc9e000 	C:\WINDOWS\System32\shlwapi.dll
0x00007fff7f160000 - 0x00007fff7f186000 	C:\WINDOWS\SYSTEM32\profapi.dll
0x00007fff6ecb0000 - 0x00007fff6ecbc000 	C:\Users\loveaoe33\.p2\pool\plugins\org.eclipse.justj.openjdk.hotspot.jre.full.win32.x86_64_17.0.3.v20220515-1416\jre\bin\dt_socket.dll
0x00007fff7dd60000 - 0x00007fff7dd8d000 	C:\WINDOWS\SYSTEM32\IPHLPAPI.DLL
0x00007fff7e7d0000 - 0x00007fff7e839000 	C:\WINDOWS\system32\mswsock.dll
0x00007fff7ddd0000 - 0x00007fff7dec9000 	C:\WINDOWS\SYSTEM32\DNSAPI.dll
0x00007fff80ce0000 - 0x00007fff80ce9000 	C:\WINDOWS\System32\NSI.dll
0x00007fff74f50000 - 0x00007fff74f5a000 	C:\Windows\System32\rasadhlp.dll
0x00007fff78060000 - 0x00007fff780e3000 	C:\WINDOWS\System32\fwpuclnt.dll
0x00007fff6d120000 - 0x00007fff6d139000 	C:\Users\loveaoe33\.p2\pool\plugins\org.eclipse.justj.openjdk.hotspot.jre.full.win32.x86_64_17.0.3.v20220515-1416\jre\bin\net.dll
0x00007fff786b0000 - 0x00007fff787e7000 	C:\WINDOWS\SYSTEM32\WINHTTP.dll
0x00007fff6d100000 - 0x00007fff6d115000 	C:\Users\loveaoe33\.p2\pool\plugins\org.eclipse.justj.openjdk.hotspot.jre.full.win32.x86_64_17.0.3.v20220515-1416\jre\bin\nio.dll
0x00007fff68100000 - 0x00007fff68109000 	C:\Users\loveaoe33\.p2\pool\plugins\org.eclipse.justj.openjdk.hotspot.jre.full.win32.x86_64_17.0.3.v20220515-1416\jre\bin\management.dll
0x00007fff67f10000 - 0x00007fff67f1b000 	C:\Users\loveaoe33\.p2\pool\plugins\org.eclipse.justj.openjdk.hotspot.jre.full.win32.x86_64_17.0.3.v20220515-1416\jre\bin\management_ext.dll
0x00007fff4a820000 - 0x00007fff4a837000 	C:\WINDOWS\system32\napinsp.dll
0x00007fff49300000 - 0x00007fff4931b000 	C:\WINDOWS\system32\pnrpnsp.dll
0x00007fff492e0000 - 0x00007fff492f1000 	C:\WINDOWS\System32\winrnr.dll
0x00007fff77d50000 - 0x00007fff77d65000 	C:\WINDOWS\system32\wshbth.dll
0x00007fff49200000 - 0x00007fff49221000 	C:\WINDOWS\system32\nlansp_c.dll
0x00007fff7ea20000 - 0x00007fff7ea3b000 	C:\WINDOWS\SYSTEM32\CRYPTSP.dll
0x00007fff7e2b0000 - 0x00007fff7e2e5000 	C:\WINDOWS\system32\rsaenh.dll
0x00007fff7e8c0000 - 0x00007fff7e8ec000 	C:\WINDOWS\SYSTEM32\USERENV.dll
0x00007fff7ea40000 - 0x00007fff7ea4c000 	C:\WINDOWS\SYSTEM32\CRYPTBASE.dll
0x00007fff784d0000 - 0x00007fff784e9000 	C:\WINDOWS\SYSTEM32\dhcpcsvc6.DLL
0x00007fff784b0000 - 0x00007fff784cf000 	C:\WINDOWS\SYSTEM32\dhcpcsvc.DLL
0x00007fff6d7b0000 - 0x00007fff6d7c0000 	C:\Users\loveaoe33\.p2\pool\plugins\org.eclipse.justj.openjdk.hotspot.jre.full.win32.x86_64_17.0.3.v20220515-1416\jre\bin\verify.dll
0x00007fff6c290000 - 0x00007fff6c29e000 	C:\Users\loveaoe33\.p2\pool\plugins\org.eclipse.justj.openjdk.hotspot.jre.full.win32.x86_64_17.0.3.v20220515-1416\jre\bin\sunmscapi.dll
0x00007fff7f8d0000 - 0x00007fff7fa36000 	C:\WINDOWS\System32\CRYPT32.dll
0x00007fff7ebc0000 - 0x00007fff7ebee000 	C:\WINDOWS\SYSTEM32\ncrypt.dll
0x00007fff7eb80000 - 0x00007fff7ebb7000 	C:\WINDOWS\SYSTEM32\NTASN1.dll
0x00007fff6db30000 - 0x00007fff6db38000 	C:\WINDOWS\system32\wshunix.dll

dbghelp: loaded successfully - version: 4.0.5 - missing functions: none
symbol engine: initialized successfully - sym options: 0x614 - pdb path: .;C:\Users\loveaoe33\.p2\pool\plugins\org.eclipse.justj.openjdk.hotspot.jre.full.win32.x86_64_17.0.3.v20220515-1416\jre\bin;C:\WINDOWS\SYSTEM32;C:\WINDOWS\WinSxS\amd64_microsoft.windows.common-controls_6595b64144ccf1df_6.0.22621.2506_none_270c5ae97388e100;C:\Users\loveaoe33\.p2\pool\plugins\org.eclipse.justj.openjdk.hotspot.jre.full.win32.x86_64_17.0.3.v20220515-1416\jre\bin\server

VM Arguments:
jvm_args: -XX:+ShowCodeDetailsInExceptionMessages -agentlib:jdwp=transport=dt_socket,suspend=y,address=localhost:53556 -Dcom.sun.management.jmxremote -Dcom.sun.management.jmxremote.port=53555 -Dcom.sun.management.jmxremote.authenticate=false -Dcom.sun.management.jmxremote.ssl=false -Djava.rmi.server.hostname=localhost -Dspring.jmx.enabled=true -Dspring.application.admin.enabled=true -XX:TieredStopAtLevel=1 -Dspring.boot.project.name=spring-project-2026 -javaagent:C:\Users\loveaoe33\eclipse\jee-2022-06\eclipse\configuration\org.eclipse.osgi\407\0\.cp\lib\javaagent-shaded.jar -Dfile.encoding=UTF-8 
java_command: com.example.demo.SpringProject2026Application
java_class_path (initial): C:\gitJava\mylocalRes\spring-project-2026\target\classes;C:\gitJava\mylocalRes\spring-project-2026\src\main\java\mssql-jdbc-10.2.1.jre17.jar;C:\Program Files (x86)\MySQL\Connector J 8.0\mysql-connector-java-8.0.30.jar;C:\gitJava\mylocalRes\spring-project-2026\lib\json-lib-2.4-jdk15.jar;C:\gitJava\mylocalRes\spring-project-2026\lib\ezmorph-1.0.6.jar;C:\gitJava\mylocalRes\spring-project-2026\lib\commons-logging-1.1.1-api.jar;C:\gitJava\mylocalRes\spring-project-2026\lib\commons-lang-2.5.jar;C:\gitJava\mylocalRes\spring-project-2026\lib\commons-collections-3.2.1-1.0.0.jar;C:\gitJava\mylocalRes\spring-project-2026\lib\commons-beanutils-1.8.0.jar;C:\Users\loveaoe33\.m2\repository\org\springframework\boot\spring-boot-starter-web\2.7.0\spring-boot-starter-web-2.7.0.jar;C:\Users\loveaoe33\.m2\repository\org\springframework\boot\spring-boot-starter\2.7.0\spring-boot-starter-2.7.0.jar;C:\Users\loveaoe33\.m2\repository\jakarta\annotation\jakarta.annotation-api\1.3.5\jakarta.annotation-api-1.3.5.jar;C:\Users\loveaoe33\.m2\repository\org\yaml\snakeyaml\1.30\snakeyaml-1.30.jar;C:\Users\loveaoe33\.m2\repository\org\springframework\boot\spring-boot-starter-json\2.7.0\spring-boot-starter-json-2.7.0.jar;C:\Users\loveaoe33\.m2\repository\com\fasterxml\jackson\datatype\jackson-datatype-jdk8\2.13.3\jackson-datatype-jdk8-2.13.3.jar;C:\Users\loveaoe33\.m2\repository\com\fasterxml\jackson\datatype\jackson-datatype-jsr310\2.13.3\jackson-datatype-jsr310-2.13.3.jar;C:\Users\loveaoe33\.m2\repository\com\fasterxml\jackson\module\jackson-module-parameter-names\2.13.3\jackson-module-parameter-names-2.13.3.jar;C:\Users\loveaoe33\.m2\repository\org\springframework\boot\spring-boot-starter-tomcat\2.7.0\spring-boot-starter-tomcat-2.7.0.jar;C:\Users\loveaoe33\.m2\repository\org\apache\tomcat\embed\tomcat-embed-core\9.0.63\tomcat-embed-core-9.0.63.jar;C:\Users\loveaoe33\.m2\repository\org\apache\tomcat\embed\tomcat-embed-el\9.0.63\tomcat-embed-el-9.0.63.jar;C:\Users\loveaoe
Launcher Type: SUN_STANDARD

[Global flags]
     intx CICompilerCount                          = 4                                         {product} {ergonomic}
     uint ConcGCThreads                            = 3                                         {product} {ergonomic}
     uint G1ConcRefinementThreads                  = 10                                        {product} {ergonomic}
   size_t G1HeapRegionSize                         = 1048576                                   {product} {ergonomic}
    uintx GCDrainStackTargetSize                   = 64                                        {product} {ergonomic}
   size_t InitialHeapSize                          = 132120576                                 {product} {ergonomic}
     bool ManagementServer                         = true                                      {product} {command line}
   size_t MarkStackSize                            = 4194304                                   {product} {ergonomic}
   size_t MaxHeapSize                              = 2101346304                                {product} {ergonomic}
   size_t MaxNewSize                               = 1260388352                                {product} {ergonomic}
   size_t MinHeapDeltaBytes                        = 1048576                                   {product} {ergonomic}
   size_t MinHeapSize                              = 8388608                                   {product} {ergonomic}
    uintx NonProfiledCodeHeapSize                  = 0                                      {pd product} {ergonomic}
     bool ProfileInterpreter                       = false                                  {pd product} {command line}
    uintx ProfiledCodeHeapSize                     = 0                                      {pd product} {ergonomic}
     bool ShowCodeDetailsInExceptionMessages       = true                                   {manageable} {command line}
   size_t SoftMaxHeapSize                          = 2101346304                             {manageable} {ergonomic}
     intx TieredStopAtLevel                        = 1                                         {product} {command line}
     bool UseCompressedClassPointers               = true                           {product lp64_product} {ergonomic}
     bool UseCompressedOops                        = true                           {product lp64_product} {ergonomic}
     bool UseG1GC                                  = true                                      {product} {ergonomic}
     bool UseLargePagesIndividualAllocation        = false                                  {pd product} {ergonomic}

Logging:
Log output configuration:
 #0: stdout all=warning uptime,level,tags
 #1: stderr all=off uptime,level,tags

Environment Variables:
JAVA_HOME=C:\Program Files\Java\jdk1.8.0_341
PATH=C:\Users\loveaoe33\.p2\pool\plugins\org.eclipse.justj.openjdk.hotspot.jre.full.win32.x86_64_17.0.3.v20220515-1416\jre\bin;C:/Users/loveaoe33/.p2/pool/plugins/org.eclipse.justj.openjdk.hotspot.jre.full.win32.x86_64_17.0.3.v20220515-1416/jre/bin/server;C:/Users/loveaoe33/.p2/pool/plugins/org.eclipse.justj.openjdk.hotspot.jre.full.win32.x86_64_17.0.3.v20220515-1416/jre/bin;C:\Program Files\Eclipse Foundation\jdk-8.0.302.8-hotspot\bin;C:\Program Files (x86)\Common Files\Oracle\Java\javapath;C:\CDCSSO;C:\Windows\system32;C:\Windows;C:\Windows\System32\Wbem;C:\Windows\System32\WindowsPowerShell\v1.0\;C:\Windows\System32\OpenSSH\;C:\Program Files (x86)\NVIDIA Corporation\PhysX\Common;C:\Program Files\NVIDIA Corporation\NVIDIA NvDLISR;C:\Program Files\Git\cmd;C:\Program Files (x86)\Microsoft SQL Server\150\DTS\Binn\;C:\Program Files\Microsoft SQL Server\130\Tools\Binn\;C:\Program Files\Microsoft SQL Server\Client SDK\ODBC\170\Tools\Binn\;C:\Program Files (x86)\Microsoft SQL Server\150\Tools\Binn\;C:\Program Files\Microsoft SQL Server\150\Tools\Binn\;C:\Program Files\Microsoft SQL Server\150\DTS\Binn\;C:\Users\loveaoe33\AppData\Local\Microsoft\WindowsApps;C:\Users\loveaoe33\AppData\Local\Programs\Microsoft VS Code\bin;C:\Users\loveaoe33\.dotnet\tools;C:\Chungjen\LIB;C:\ORANT\bin;C:\ORANT\jdk\bin;C:\Program Files\TortoiseSVN\bin;C:\MinGW\bin;C:\WINDOWS\system32;C:\WINDOWS;C:\WINDOWS\System32\Wbem;C:\WINDOWS\System32\WindowsPowerShell\v1.0\;C:\WINDOWS\System32\OpenSSH\;C:\Program Files\nodejs\;C:\xampp\php;C:\ProgramData\ComposerSetup\bin;C:\Program Files\PuTTY\;C:\Program Files (x86)\NetSarang\Xshell 7\;C:\Program Files\dotnet\;C:\Users\loveaoe33\Desktop\my-project\cmake-3.26.4;C:\Program Files\CMake\bin;C:\Program Files\Geth;C:\Users\loveaoe33\node_modules\solc\solc.js;C:\Users\loveaoe33\Desktop\blockChain\web3j-3.6.0\web3j-3.6.0\bin;C:\Program Files\Eclipse Foundation\jdk-8.0.302.8-hotspot\bin;C:\Program Files (x86)\Common Files\Oracle\Java\javapath;C:\CDCSSO;C:\Windows\s
USERNAME=loveaoe33
OS=Windows_NT
PROCESSOR_IDENTIFIER=Intel64 Family 6 Model 165 Stepping 2, GenuineIntel



---------------  S Y S T E M  ---------------

OS:
 Windows 11 , 64 bit Build 22621 (10.0.22621.2506)
OS uptime: 7 days 2:02 hours

CPU: total 12 (initial active 12) (6 cores per cpu, 2 threads per core) family 6 model 165 stepping 2 microcode 0xe2, cx8, cmov, fxsr, ht, mmx, 3dnowpref, sse, sse2, sse3, ssse3, sse4.1, sse4.2, popcnt, lzcnt, tsc, tscinvbit, avx, avx2, aes, erms, clmul, bmi1, bmi2, adx, fma, vzeroupper, clflush, clflushopt

Memory: 4k page, system-wide physical 8013M (438M free)
TotalPageFile size 21469M (AvailPageFile size 4276M)
current process WorkingSet (physical memory assigned to process): 231M, peak: 244M
current process commit charge ("private bytes"): 284M, peak: 284M

vm_info: OpenJDK 64-Bit Server VM (17.0.3+7) for windows-amd64 JRE (17.0.3+7), built on Apr 19 2022 16:55:35 by "" with MS VC++ 16.7 (VS2019)

END.
