2023-10-10 17:33:56.763 [restartedMain] INFO  c.e.d.SpringProject2026Application - Starting SpringProject2026Application using Java 1.8.0_321 on MSI with PID 2932 (C:\gitJava\mylocalRes\spring-project-2026\target\classes started by loveaoe33 in C:\gitJava\mylocalRes\spring-project-2026)
2023-10-10 17:33:56.770 [restartedMain] DEBUG c.e.d.SpringProject2026Application - Running with Spring Boot v2.7.0, Spring v5.3.20
2023-10-10 17:33:56.772 [restartedMain] INFO  c.e.d.SpringProject2026Application - No active profile set, falling back to 1 default profile: "default"
2023-10-10 17:33:56.854 [restartedMain] INFO  o.s.b.d.e.DevToolsPropertyDefaultsPostProcessor - Devtools property defaults active! Set 'spring.devtools.add-properties' to 'false' to disable
2023-10-10 17:33:56.855 [restartedMain] INFO  o.s.b.d.e.DevToolsPropertyDefaultsPostProcessor - For additional web related logging consider setting the 'logging.level.web' property to 'DEBUG'
2023-10-10 17:33:57.690 [restartedMain] INFO  o.s.b.w.e.tomcat.TomcatWebServer - Tomcat initialized with port(s): 8080 (http)
2023-10-10 17:33:57.774 [restartedMain] INFO  o.s.b.w.s.c.ServletWebServerApplicationContext - Root WebApplicationContext: initialization completed in 918 ms
2023-10-10 17:33:58.169 [restartedMain] INFO  o.s.b.d.a.OptionalLiveReloadServer - LiveReload server is running on port 35729
2023-10-10 17:33:58.207 [restartedMain] INFO  o.s.b.w.e.tomcat.TomcatWebServer - Tomcat started on port(s): 8080 (http) with context path ''
2023-10-10 17:33:58.215 [restartedMain] INFO  c.e.d.SpringProject2026Application - Started SpringProject2026Application in 1.904 seconds (JVM running for 2.582)
2023-10-10 17:36:26.091 [http-nio-8080-exec-1] INFO  o.s.web.servlet.DispatcherServlet - Initializing Servlet 'dispatcherServlet'
2023-10-10 17:36:26.092 [http-nio-8080-exec-1] INFO  o.s.web.servlet.DispatcherServlet - Completed initialization in 1 ms
2023-10-10 17:36:39.337 [RMI TCP Connection(6)-127.0.0.1] INFO  o.s.b.a.SpringApplicationAdminMXBeanRegistrar$SpringApplicationAdmin - Application shutdown requested.
2023-10-10 17:36:57.128 [restartedMain] INFO  c.e.d.SpringProject2026Application - Starting SpringProject2026Application using Java 1.8.0_321 on MSI with PID 20596 (C:\gitJava\mylocalRes\spring-project-2026\target\classes started by loveaoe33 in C:\gitJava\mylocalRes\spring-project-2026)
2023-10-10 17:36:57.129 [restartedMain] DEBUG c.e.d.SpringProject2026Application - Running with Spring Boot v2.7.0, Spring v5.3.20
2023-10-10 17:36:57.130 [restartedMain] INFO  c.e.d.SpringProject2026Application - No active profile set, falling back to 1 default profile: "default"
2023-10-10 17:36:57.207 [restartedMain] INFO  o.s.b.d.e.DevToolsPropertyDefaultsPostProcessor - Devtools property defaults active! Set 'spring.devtools.add-properties' to 'false' to disable
2023-10-10 17:36:57.207 [restartedMain] INFO  o.s.b.d.e.DevToolsPropertyDefaultsPostProcessor - For additional web related logging consider setting the 'logging.level.web' property to 'DEBUG'
2023-10-10 17:36:58.254 [restartedMain] INFO  o.s.b.w.e.tomcat.TomcatWebServer - Tomcat initialized with port(s): 8080 (http)
2023-10-10 17:36:58.335 [restartedMain] INFO  o.s.b.w.s.c.ServletWebServerApplicationContext - Root WebApplicationContext: initialization completed in 1127 ms
2023-10-10 17:36:58.894 [restartedMain] INFO  o.s.b.d.a.OptionalLiveReloadServer - LiveReload server is running on port 35729
2023-10-10 17:36:58.963 [restartedMain] INFO  o.s.b.w.e.tomcat.TomcatWebServer - Tomcat started on port(s): 8080 (http) with context path ''
2023-10-10 17:36:58.978 [restartedMain] INFO  c.e.d.SpringProject2026Application - Started SpringProject2026Application in 2.397 seconds (JVM running for 3.346)
2023-10-10 17:37:08.922 [http-nio-8080-exec-1] INFO  o.s.web.servlet.DispatcherServlet - Initializing Servlet 'dispatcherServlet'
2023-10-10 17:37:08.923 [http-nio-8080-exec-1] INFO  o.s.web.servlet.DispatcherServlet - Completed initialization in 1 ms
2023-10-10 17:42:14.094 [restartedMain] INFO  c.e.d.SpringProject2026Application - Starting SpringProject2026Application using Java 1.8.0_321 on MSI with PID 6208 (C:\gitJava\mylocalRes\spring-project-2026\target\classes started by loveaoe33 in C:\gitJava\mylocalRes\spring-project-2026)
2023-10-10 17:42:14.095 [restartedMain] DEBUG c.e.d.SpringProject2026Application - Running with Spring Boot v2.7.0, Spring v5.3.20
2023-10-10 17:42:14.095 [restartedMain] INFO  c.e.d.SpringProject2026Application - No active profile set, falling back to 1 default profile: "default"
2023-10-10 17:42:14.177 [restartedMain] INFO  o.s.b.d.e.DevToolsPropertyDefaultsPostProcessor - Devtools property defaults active! Set 'spring.devtools.add-properties' to 'false' to disable
2023-10-10 17:42:14.177 [restartedMain] INFO  o.s.b.d.e.DevToolsPropertyDefaultsPostProcessor - For additional web related logging consider setting the 'logging.level.web' property to 'DEBUG'
2023-10-10 17:42:15.235 [restartedMain] INFO  o.s.b.w.e.tomcat.TomcatWebServer - Tomcat initialized with port(s): 8080 (http)
2023-10-10 17:42:15.333 [restartedMain] INFO  o.s.b.w.s.c.ServletWebServerApplicationContext - Root WebApplicationContext: initialization completed in 1156 ms
2023-10-10 17:42:15.849 [restartedMain] INFO  o.s.b.d.a.OptionalLiveReloadServer - LiveReload server is running on port 35729
2023-10-10 17:42:15.932 [restartedMain] INFO  o.s.b.w.e.tomcat.TomcatWebServer - Tomcat started on port(s): 8080 (http) with context path ''
2023-10-10 17:42:15.952 [restartedMain] INFO  c.e.d.SpringProject2026Application - Started SpringProject2026Application in 2.472 seconds (JVM running for 3.555)
2023-10-10 17:42:24.069 [http-nio-8080-exec-3] INFO  o.s.web.servlet.DispatcherServlet - Initializing Servlet 'dispatcherServlet'
2023-10-10 17:42:24.070 [http-nio-8080-exec-3] INFO  o.s.web.servlet.DispatcherServlet - Completed initialization in 1 ms
2023-10-10 17:49:10.620 [restartedMain] INFO  c.e.d.SpringProject2026Application - Starting SpringProject2026Application using Java 1.8.0_321 on MSI with PID 6208 (C:\gitJava\mylocalRes\spring-project-2026\target\classes started by loveaoe33 in C:\gitJava\mylocalRes\spring-project-2026)
2023-10-10 17:49:10.622 [restartedMain] DEBUG c.e.d.SpringProject2026Application - Running with Spring Boot v2.7.0, Spring v5.3.20
2023-10-10 17:49:10.622 [restartedMain] INFO  c.e.d.SpringProject2026Application - No active profile set, falling back to 1 default profile: "default"
2023-10-10 17:49:11.032 [restartedMain] INFO  o.s.b.w.e.tomcat.TomcatWebServer - Tomcat initialized with port(s): 8080 (http)
2023-10-10 17:49:11.047 [restartedMain] INFO  o.s.b.w.s.c.ServletWebServerApplicationContext - Root WebApplicationContext: initialization completed in 421 ms
2023-10-10 17:49:20.044 [restartedMain] INFO  o.s.b.d.a.OptionalLiveReloadServer - LiveReload server is running on port 35729
2023-10-10 17:49:21.600 [restartedMain] INFO  o.s.b.w.e.tomcat.TomcatWebServer - Tomcat started on port(s): 8080 (http) with context path ''
2023-10-10 17:49:21.792 [http-nio-8080-exec-1] INFO  o.s.web.servlet.DispatcherServlet - Initializing Servlet 'dispatcherServlet'
2023-10-10 17:49:22.269 [http-nio-8080-exec-1] INFO  o.s.web.servlet.DispatcherServlet - Completed initialization in 467 ms
2023-10-10 17:49:23.139 [restartedMain] INFO  c.e.d.SpringProject2026Application - Started SpringProject2026Application in 12.556 seconds (JVM running for 430.742)
2023-10-10 17:49:23.737 [restartedMain] INFO  o.s.b.d.a.ConditionEvaluationDeltaLoggingListener - Condition evaluation unchanged
2023-10-10 17:49:37.479 [restartedMain] INFO  c.e.d.SpringProject2026Application - Starting SpringProject2026Application using Java 1.8.0_321 on MSI with PID 6208 (C:\gitJava\mylocalRes\spring-project-2026\target\classes started by loveaoe33 in C:\gitJava\mylocalRes\spring-project-2026)
2023-10-10 17:49:37.483 [restartedMain] DEBUG c.e.d.SpringProject2026Application - Running with Spring Boot v2.7.0, Spring v5.3.20
2023-10-10 17:49:37.490 [restartedMain] INFO  c.e.d.SpringProject2026Application - No active profile set, falling back to 1 default profile: "default"
2023-10-10 17:49:50.638 [restartedMain] INFO  o.s.b.w.e.tomcat.TomcatWebServer - Tomcat initialized with port(s): 8080 (http)
2023-10-10 17:49:50.917 [restartedMain] INFO  o.s.b.w.s.c.ServletWebServerApplicationContext - Root WebApplicationContext: initialization completed in 13260 ms
2023-10-10 17:50:00.552 [restartedMain] INFO  o.s.b.d.a.OptionalLiveReloadServer - LiveReload server is running on port 35729
2023-10-10 17:50:02.163 [restartedMain] INFO  o.s.b.w.e.tomcat.TomcatWebServer - Tomcat started on port(s): 8080 (http) with context path ''
2023-10-10 17:50:02.971 [restartedMain] INFO  c.e.d.SpringProject2026Application - Started SpringProject2026Application in 27.627 seconds (JVM running for 470.574)
2023-10-10 17:50:03.399 [restartedMain] INFO  o.s.b.d.a.ConditionEvaluationDeltaLoggingListener - Condition evaluation unchanged
2023-10-10 17:50:33.851 [http-nio-8080-exec-1] INFO  o.s.web.servlet.DispatcherServlet - Initializing Servlet 'dispatcherServlet'
2023-10-10 17:50:34.460 [http-nio-8080-exec-1] INFO  o.s.web.servlet.DispatcherServlet - Completed initialization in 586 ms
2023-10-10 21:35:59.465 [restartedMain] INFO  c.e.d.SpringProject2026Application - Starting SpringProject2026Application using Java 1.8.0_321 on MSI with PID 21832 (C:\gitJava\mylocalRes\spring-project-2026\target\classes started by loveaoe33 in C:\gitJava\mylocalRes\spring-project-2026)
2023-10-10 21:35:59.466 [restartedMain] DEBUG c.e.d.SpringProject2026Application - Running with Spring Boot v2.7.0, Spring v5.3.20
2023-10-10 21:35:59.467 [restartedMain] INFO  c.e.d.SpringProject2026Application - No active profile set, falling back to 1 default profile: "default"
2023-10-10 21:35:59.541 [restartedMain] INFO  o.s.b.d.e.DevToolsPropertyDefaultsPostProcessor - Devtools property defaults active! Set 'spring.devtools.add-properties' to 'false' to disable
2023-10-10 21:35:59.541 [restartedMain] INFO  o.s.b.d.e.DevToolsPropertyDefaultsPostProcessor - For additional web related logging consider setting the 'logging.level.web' property to 'DEBUG'
2023-10-10 21:36:00.722 [restartedMain] INFO  o.s.b.w.e.tomcat.TomcatWebServer - Tomcat initialized with port(s): 8080 (http)
2023-10-10 21:36:00.859 [restartedMain] INFO  o.s.b.w.s.c.ServletWebServerApplicationContext - Root WebApplicationContext: initialization completed in 1317 ms
2023-10-10 21:36:18.979 [restartedMain] INFO  o.s.b.d.a.OptionalLiveReloadServer - LiveReload server is running on port 35729
2023-10-10 21:36:21.048 [restartedMain] INFO  o.s.b.w.e.tomcat.TomcatWebServer - Tomcat started on port(s): 8080 (http) with context path ''
2023-10-10 21:36:22.565 [restartedMain] INFO  c.e.d.SpringProject2026Application - Started SpringProject2026Application in 23.677 seconds (JVM running for 25.242)
2023-10-10 21:36:52.481 [http-nio-8080-exec-1] INFO  o.s.web.servlet.DispatcherServlet - Initializing Servlet 'dispatcherServlet'
2023-10-10 21:36:52.578 [http-nio-8080-exec-1] INFO  o.s.web.servlet.DispatcherServlet - Completed initialization in 95 ms
2023-10-10 21:40:58.667 [restartedMain] INFO  c.e.d.SpringProject2026Application - Starting SpringProject2026Application using Java 1.8.0_321 on MSI with PID 21832 (C:\gitJava\mylocalRes\spring-project-2026\target\classes started by loveaoe33 in C:\gitJava\mylocalRes\spring-project-2026)
2023-10-10 21:40:58.667 [restartedMain] DEBUG c.e.d.SpringProject2026Application - Running with Spring Boot v2.7.0, Spring v5.3.20
2023-10-10 21:40:58.668 [restartedMain] INFO  c.e.d.SpringProject2026Application - No active profile set, falling back to 1 default profile: "default"
2023-10-10 21:40:58.965 [restartedMain] INFO  o.s.b.w.e.tomcat.TomcatWebServer - Tomcat initialized with port(s): 8080 (http)
2023-10-10 21:40:58.978 [restartedMain] INFO  o.s.b.w.s.c.ServletWebServerApplicationContext - Root WebApplicationContext: initialization completed in 306 ms
2023-10-10 21:40:59.096 [restartedMain] INFO  o.s.b.d.a.OptionalLiveReloadServer - LiveReload server is running on port 35729
2023-10-10 21:40:59.111 [restartedMain] INFO  o.s.b.w.e.tomcat.TomcatWebServer - Tomcat started on port(s): 8080 (http) with context path ''
2023-10-10 21:40:59.116 [restartedMain] INFO  c.e.d.SpringProject2026Application - Started SpringProject2026Application in 0.483 seconds (JVM running for 301.793)
2023-10-10 21:40:59.119 [restartedMain] INFO  o.s.b.d.a.ConditionEvaluationDeltaLoggingListener - Condition evaluation unchanged
2023-10-10 21:41:00.858 [restartedMain] INFO  c.e.d.SpringProject2026Application - Starting SpringProject2026Application using Java 1.8.0_321 on MSI with PID 21832 (C:\gitJava\mylocalRes\spring-project-2026\target\classes started by loveaoe33 in C:\gitJava\mylocalRes\spring-project-2026)
2023-10-10 21:41:00.858 [restartedMain] DEBUG c.e.d.SpringProject2026Application - Running with Spring Boot v2.7.0, Spring v5.3.20
2023-10-10 21:41:00.858 [restartedMain] INFO  c.e.d.SpringProject2026Application - No active profile set, falling back to 1 default profile: "default"
2023-10-10 21:41:01.071 [restartedMain] INFO  o.s.b.w.e.tomcat.TomcatWebServer - Tomcat initialized with port(s): 8080 (http)
2023-10-10 21:41:01.087 [restartedMain] INFO  o.s.b.w.s.c.ServletWebServerApplicationContext - Root WebApplicationContext: initialization completed in 226 ms
2023-10-10 21:41:01.180 [restartedMain] INFO  o.s.b.d.a.OptionalLiveReloadServer - LiveReload server is running on port 35729
2023-10-10 21:41:01.188 [restartedMain] INFO  o.s.b.w.e.tomcat.TomcatWebServer - Tomcat started on port(s): 8080 (http) with context path ''
2023-10-10 21:41:01.190 [restartedMain] INFO  c.e.d.SpringProject2026Application - Started SpringProject2026Application in 0.362 seconds (JVM running for 303.869)
2023-10-10 21:41:01.192 [restartedMain] INFO  o.s.b.d.a.ConditionEvaluationDeltaLoggingListener - Condition evaluation unchanged
2023-10-10 21:41:17.202 [http-nio-8080-exec-1] INFO  o.s.web.servlet.DispatcherServlet - Initializing Servlet 'dispatcherServlet'
2023-10-10 21:41:17.204 [http-nio-8080-exec-1] INFO  o.s.web.servlet.DispatcherServlet - Completed initialization in 1 ms
2023-10-10 21:42:28.484 [restartedMain] INFO  c.e.d.SpringProject2026Application - Starting SpringProject2026Application using Java 1.8.0_321 on MSI with PID 21832 (C:\gitJava\mylocalRes\spring-project-2026\target\classes started by loveaoe33 in C:\gitJava\mylocalRes\spring-project-2026)
2023-10-10 21:42:28.484 [restartedMain] DEBUG c.e.d.SpringProject2026Application - Running with Spring Boot v2.7.0, Spring v5.3.20
2023-10-10 21:42:28.485 [restartedMain] INFO  c.e.d.SpringProject2026Application - No active profile set, falling back to 1 default profile: "default"
2023-10-10 21:42:28.764 [restartedMain] INFO  o.s.b.w.e.tomcat.TomcatWebServer - Tomcat initialized with port(s): 8080 (http)
2023-10-10 21:42:28.777 [restartedMain] INFO  o.s.b.w.s.c.ServletWebServerApplicationContext - Root WebApplicationContext: initialization completed in 289 ms
2023-10-10 21:42:28.945 [restartedMain] INFO  o.s.b.d.a.OptionalLiveReloadServer - LiveReload server is running on port 35729
2023-10-10 21:42:28.955 [restartedMain] INFO  o.s.b.w.e.tomcat.TomcatWebServer - Tomcat started on port(s): 8080 (http) with context path ''
2023-10-10 21:42:28.961 [restartedMain] INFO  c.e.d.SpringProject2026Application - Started SpringProject2026Application in 0.505 seconds (JVM running for 391.639)
2023-10-10 21:42:28.963 [restartedMain] INFO  o.s.b.d.a.ConditionEvaluationDeltaLoggingListener - Condition evaluation unchanged
2023-10-10 21:42:34.366 [restartedMain] INFO  c.e.d.SpringProject2026Application - Starting SpringProject2026Application using Java 1.8.0_321 on MSI with PID 21832 (C:\gitJava\mylocalRes\spring-project-2026\target\classes started by loveaoe33 in C:\gitJava\mylocalRes\spring-project-2026)
2023-10-10 21:42:34.366 [restartedMain] DEBUG c.e.d.SpringProject2026Application - Running with Spring Boot v2.7.0, Spring v5.3.20
2023-10-10 21:42:34.367 [restartedMain] INFO  c.e.d.SpringProject2026Application - No active profile set, falling back to 1 default profile: "default"
2023-10-10 21:42:34.613 [restartedMain] INFO  o.s.b.w.e.tomcat.TomcatWebServer - Tomcat initialized with port(s): 8080 (http)
2023-10-10 21:42:34.628 [restartedMain] INFO  o.s.b.w.s.c.ServletWebServerApplicationContext - Root WebApplicationContext: initialization completed in 259 ms
2023-10-10 21:42:34.747 [restartedMain] INFO  o.s.b.d.a.OptionalLiveReloadServer - LiveReload server is running on port 35729
2023-10-10 21:42:34.759 [restartedMain] INFO  o.s.b.w.e.tomcat.TomcatWebServer - Tomcat started on port(s): 8080 (http) with context path ''
2023-10-10 21:42:34.763 [restartedMain] INFO  c.e.d.SpringProject2026Application - Started SpringProject2026Application in 0.425 seconds (JVM running for 397.441)
2023-10-10 21:42:34.765 [restartedMain] INFO  o.s.b.d.a.ConditionEvaluationDeltaLoggingListener - Condition evaluation unchanged
2023-10-10 21:42:46.033 [http-nio-8080-exec-1] INFO  o.s.web.servlet.DispatcherServlet - Initializing Servlet 'dispatcherServlet'
2023-10-10 21:42:46.036 [http-nio-8080-exec-1] INFO  o.s.web.servlet.DispatcherServlet - Completed initialization in 1 ms
2023-10-10 21:43:12.877 [restartedMain] INFO  c.e.d.SpringProject2026Application - Starting SpringProject2026Application using Java 1.8.0_321 on MSI with PID 21832 (C:\gitJava\mylocalRes\spring-project-2026\target\classes started by loveaoe33 in C:\gitJava\mylocalRes\spring-project-2026)
2023-10-10 21:43:12.877 [restartedMain] DEBUG c.e.d.SpringProject2026Application - Running with Spring Boot v2.7.0, Spring v5.3.20
2023-10-10 21:43:12.878 [restartedMain] INFO  c.e.d.SpringProject2026Application - No active profile set, falling back to 1 default profile: "default"
2023-10-10 21:43:13.156 [restartedMain] INFO  o.s.b.w.e.tomcat.TomcatWebServer - Tomcat initialized with port(s): 8080 (http)
2023-10-10 21:43:13.182 [restartedMain] INFO  o.s.b.w.s.c.ServletWebServerApplicationContext - Root WebApplicationContext: initialization completed in 301 ms
2023-10-10 21:43:13.317 [restartedMain] INFO  o.s.b.d.a.OptionalLiveReloadServer - LiveReload server is running on port 35729
2023-10-10 21:43:13.327 [restartedMain] INFO  o.s.b.w.e.tomcat.TomcatWebServer - Tomcat started on port(s): 8080 (http) with context path ''
2023-10-10 21:43:13.331 [restartedMain] INFO  c.e.d.SpringProject2026Application - Started SpringProject2026Application in 0.49 seconds (JVM running for 436.01)
2023-10-10 21:43:13.333 [restartedMain] INFO  o.s.b.d.a.ConditionEvaluationDeltaLoggingListener - Condition evaluation unchanged
2023-10-10 21:43:17.690 [http-nio-8080-exec-2] INFO  o.s.web.servlet.DispatcherServlet - Initializing Servlet 'dispatcherServlet'
2023-10-10 21:43:17.692 [http-nio-8080-exec-2] INFO  o.s.web.servlet.DispatcherServlet - Completed initialization in 1 ms
